==================================================================
welcome to Chexers referee version 1.0 (released Apr 12 2019).
Conducts a game of Chexers between three Player classes.
run `python referee --help` for additional usage information.
==================================================================
* from this line, all messages printed by the referee begin with *
* (any other lines of output must be from your Player classes).
* 
* importing red player's player class 'red' from package 'artificial_idiot'
======================
* importing green player's player class 'green' from package 'artificial_idiot'
* importing blue player's player class 'blue' from package 'artificial_idiot'
* NOTE: unable to measure memory usage on this platform (try dimefox)
* == initialising players ==
* initialising red player as a 'artificial_idiot.player.MaxNPlayer'
*   time:  + 0.000s  (just elapsed)    0.000s  (game total)
* initialising green player as a 'artificial_idiot.player.MaxNPlayer'
*   time:  + 0.000s  (just elapsed)    0.000s  (game total)
* initialising blue player as a 'artificial_idiot.player.ParanoidPlayer_Naive'
*   time:  + 0.000s  (just elapsed)    0.000s  (game total)
* == game start ==
* displaying game board:
*   scores: 🔴: 0, ✅: 0, 🔵: 0.
*   board:    .-'-._.-'-._.-'-._.-'-.
*            |  ✅ |  ✅ |  ✅ |  ✅ | 
*          .-'-._.-'-._.-'-._.-'-._.-'-.
*         |     |     |     |     |     | 
*       .-'-._.-'-._.-'-._.-'-._.-'-._.-'-.
*      |     |     |     |     |     |     | 
*    .-'-._.-'-._.-'-._.-'-._.-'-._.-'-._.-'-.
*   |  🔴 |     |     |     |     |     |  🔵 | 
*   '-._.-'-._.-'-._.-'-._.-'-._.-'-._.-'-._.-'
*      |  🔴 |     |     |     |     |  🔵 | 
*      '-._.-'-._.-'-._.-'-._.-'-._.-'-._.-'
*         |  🔴 |     |     |     |  🔵 | 
*         '-._.-'-._.-'-._.-'-._.-'-._.-'
*            |  🔴 |     |     |  🔵 |
*            '-._.-'-._.-'-._.-'-._.-'
* == red player's turn ==
* asking 🔴 red player for next action...
*   red player returned action: ('MOVE', ((-3, 0), (-2, -1)))
*   time:  + 0.003s  (just elapsed)    0.004s  (game total)
* displaying game board:
*   scores: 🔴: 0, ✅: 0, 🔵: 0.
*   board:    .-'-._.-'-._.-'-._.-'-.
*            |  ✅ |  ✅ |  ✅ |  ✅ | 
*          .-'-._.-'-._.-'-._.-'-._.-'-.
*         |     |     |     |     |     | 
*       .-'-._.-'-._.-'-._.-'-._.-'-._.-'-.
*      |  🔴 |     |     |     |     |     | 
*    .-'-._.-'-._.-'-._.-'-._.-'-._.-'-._.-'-.
*   |     |     |     |     |     |     |  🔵 | 
*   '-._.-'-._.-'-._.-'-._.-'-._.-'-._.-'-._.-'
*      |  🔴 |     |     |     |     |  🔵 | 
*      '-._.-'-._.-'-._.-'-._.-'-._.-'-._.-'
*         |  🔴 |     |     |     |  🔵 | 
*         '-._.-'-._.-'-._.-'-._.-'-._.-'
*            |  🔴 |     |     |  🔵 |
*            '-._.-'-._.-'-._.-'-._.-'
* updating red player with red's action ('MOVE', ((-3, 0), (-2, -1)))...
*   time:  + 0.000s  (just elapsed)    0.004s  (game total)
* updating green player with red's action ('MOVE', ((-3, 0), (-2, -1)))...
*   time:  + 0.000s  (just elapsed)    0.000s  (game total)
* updating blue player with red's action ('MOVE', ((-3, 0), (-2, -1)))...
*   time:  + 0.000s  (just elapsed)    0.000s  (game total)
* == green player's turn ==
* asking ✅ green player for next action...
*   green player returned action: ('MOVE', ((3, -3), (3, -2)))
*   time:  + 0.003s  (just elapsed)    0.003s  (game total)
* displaying game board:
*   scores: 🔴: 0, ✅: 0, 🔵: 0.
*   board:    .-'-._.-'-._.-'-._.-'-.
*            |  ✅ |  ✅ |  ✅ |     | 
*          .-'-._.-'-._.-'-._.-'-._.-'-.
*         |     |     |     |     |  ✅ | 
*       .-'-._.-'-._.-'-._.-'-._.-'-._.-'-.
*      |  🔴 |     |     |     |     |     | 
*    .-'-._.-'-._.-'-._.-'-._.-'-._.-'-._.-'-.
*   |     |     |     |     |     |     |  🔵 | 
*   '-._.-'-._.-'-._.-'-._.-'-._.-'-._.-'-._.-'
*      |  🔴 |     |     |     |     |  🔵 | 
*      '-._.-'-._.-'-._.-'-._.-'-._.-'-._.-'
*         |  🔴 |     |     |     |  🔵 | 
*         '-._.-'-._.-'-._.-'-._.-'-._.-'
*            |  🔴 |     |     |  🔵 |
*            '-._.-'-._.-'-._.-'-._.-'
* updating red player with green's action ('MOVE', ((3, -3), (3, -2)))...
*   time:  + 0.000s  (just elapsed)    0.004s  (game total)
* updating green player with green's action ('MOVE', ((3, -3), (3, -2)))...
*   time:  + 0.000s  (just elapsed)    0.003s  (game total)
* updating blue player with green's action ('MOVE', ((3, -3), (3, -2)))...
*   time:  + 0.000s  (just elapsed)    0.000s  (game total)
* == blue player's turn ==
* asking 🔵 blue player for next action...
*   blue player returned action: ('MOVE', ((0, 3), (-1, 3)))
*   time:  + 0.009s  (just elapsed)    0.009s  (game total)
* displaying game board:
*   scores: 🔴: 0, ✅: 0, 🔵: 0.
*   board:    .-'-._.-'-._.-'-._.-'-.
*            |  ✅ |  ✅ |  ✅ |     | 
*          .-'-._.-'-._.-'-._.-'-._.-'-.
*         |     |     |     |     |  ✅ | 
*       .-'-._.-'-._.-'-._.-'-._.-'-._.-'-.
*      |  🔴 |     |     |     |     |     | 
*    .-'-._.-'-._.-'-._.-'-._.-'-._.-'-._.-'-.
*   |     |     |     |     |     |     |  🔵 | 
*   '-._.-'-._.-'-._.-'-._.-'-._.-'-._.-'-._.-'
*      |  🔴 |     |     |     |     |  🔵 | 
*      '-._.-'-._.-'-._.-'-._.-'-._.-'-._.-'
*         |  🔴 |     |     |     |  🔵 | 
*         '-._.-'-._.-'-._.-'-._.-'-._.-'
*            |  🔴 |     |  🔵 |     |
*            '-._.-'-._.-'-._.-'-._.-'
* updating red player with blue's action ('MOVE', ((0, 3), (-1, 3)))...
*   time:  + 0.000s  (just elapsed)    0.004s  (game total)
* updating green player with blue's action ('MOVE', ((0, 3), (-1, 3)))...
*   time:  + 0.000s  (just elapsed)    0.003s  (game total)
* updating blue player with blue's action ('MOVE', ((0, 3), (-1, 3)))...
*   time:  + 0.000s  (just elapsed)    0.009s  (game total)
* == red player's turn ==
* asking 🔴 red player for next action...
*   red player returned action: ('MOVE', ((-3, 1), (-2, 0)))
*   time:  + 0.006s  (just elapsed)    0.009s  (game total)
* displaying game board:
*   scores: 🔴: 0, ✅: 0, 🔵: 0.
*   board:    .-'-._.-'-._.-'-._.-'-.
*            |  ✅ |  ✅ |  ✅ |     | 
*          .-'-._.-'-._.-'-._.-'-._.-'-.
*         |     |     |     |     |  ✅ | 
*       .-'-._.-'-._.-'-._.-'-._.-'-._.-'-.
*      |  🔴 |     |     |     |     |     | 
*    .-'-._.-'-._.-'-._.-'-._.-'-._.-'-._.-'-.
*   |     |  🔴 |     |     |     |     |  🔵 | 
*   '-._.-'-._.-'-._.-'-._.-'-._.-'-._.-'-._.-'
*      |     |     |     |     |     |  🔵 | 
*      '-._.-'-._.-'-._.-'-._.-'-._.-'-._.-'
*         |  🔴 |     |     |     |  🔵 | 
*         '-._.-'-._.-'-._.-'-._.-'-._.-'
*            |  🔴 |     |  🔵 |     |
*            '-._.-'-._.-'-._.-'-._.-'
* updating red player with red's action ('MOVE', ((-3, 1), (-2, 0)))...
*   time:  + 0.000s  (just elapsed)    0.010s  (game total)
* updating green player with red's action ('MOVE', ((-3, 1), (-2, 0)))...
*   time:  + 0.000s  (just elapsed)    0.003s  (game total)
* updating blue player with red's action ('MOVE', ((-3, 1), (-2, 0)))...
*   time:  + 0.000s  (just elapsed)    0.009s  (game total)
* == green player's turn ==
* asking ✅ green player for next action...
*   green player returned action: ('MOVE', ((2, -3), (2, -2)))
*   time:  + 0.006s  (just elapsed)    0.010s  (game total)
* displaying game board:
*   scores: 🔴: 0, ✅: 0, 🔵: 0.
*   board:    .-'-._.-'-._.-'-._.-'-.
*            |  ✅ |  ✅ |     |     | 
*          .-'-._.-'-._.-'-._.-'-._.-'-.
*         |     |     |     |  ✅ |  ✅ | 
*       .-'-._.-'-._.-'-._.-'-._.-'-._.-'-.
*      |  🔴 |     |     |     |     |     | 
*    .-'-._.-'-._.-'-._.-'-._.-'-._.-'-._.-'-.
*   |     |  🔴 |     |     |     |     |  🔵 | 
*   '-._.-'-._.-'-._.-'-._.-'-._.-'-._.-'-._.-'
*      |     |     |     |     |     |  🔵 | 
*      '-._.-'-._.-'-._.-'-._.-'-._.-'-._.-'
*         |  🔴 |     |     |     |  🔵 | 
*         '-._.-'-._.-'-._.-'-._.-'-._.-'
*            |  🔴 |     |  🔵 |     |
*            '-._.-'-._.-'-._.-'-._.-'
* updating red player with green's action ('MOVE', ((2, -3), (2, -2)))...
*   time:  + 0.000s  (just elapsed)    0.010s  (game total)
* updating green player with green's action ('MOVE', ((2, -3), (2, -2)))...
*   time:  + 0.000s  (just elapsed)    0.010s  (game total)
* updating blue player with green's action ('MOVE', ((2, -3), (2, -2)))...
*   time:  + 0.000s  (just elapsed)    0.009s  (game total)
* == blue player's turn ==
* asking 🔵 blue player for next action...
*   blue player returned action: ('MOVE', ((1, 2), (0, 2)))
*   time:  + 0.020s  (just elapsed)    0.029s  (game total)
* displaying game board:
*   scores: 🔴: 0, ✅: 0, 🔵: 0.
*   board:    .-'-._.-'-._.-'-._.-'-.
*            |  ✅ |  ✅ |     |     | 
*          .-'-._.-'-._.-'-._.-'-._.-'-.
*         |     |     |     |  ✅ |  ✅ | 
*       .-'-._.-'-._.-'-._.-'-._.-'-._.-'-.
*      |  🔴 |     |     |     |     |     | 
*    .-'-._.-'-._.-'-._.-'-._.-'-._.-'-._.-'-.
*   |     |  🔴 |     |     |     |     |  🔵 | 
*   '-._.-'-._.-'-._.-'-._.-'-._.-'-._.-'-._.-'
*      |     |     |     |     |     |  🔵 | 
*      '-._.-'-._.-'-._.-'-._.-'-._.-'-._.-'
*         |  🔴 |     |     |  🔵 |     | 
*         '-._.-'-._.-'-._.-'-._.-'-._.-'
*            |  🔴 |     |  🔵 |     |
*            '-._.-'-._.-'-._.-'-._.-'
* updating red player with blue's action ('MOVE', ((1, 2), (0, 2)))...
*   time:  + 0.000s  (just elapsed)    0.010s  (game total)
* updating green player with blue's action ('MOVE', ((1, 2), (0, 2)))...
*   time:  + 0.000s  (just elapsed)    0.010s  (game total)
* updating blue player with blue's action ('MOVE', ((1, 2), (0, 2)))...
*   time:  + 0.000s  (just elapsed)    0.029s  (game total)
* == red player's turn ==
* asking 🔴 red player for next action...
*   red player returned action: ('MOVE', ((-3, 2), (-2, 1)))
*   time:  + 0.009s  (just elapsed)    0.018s  (game total)
* displaying game board:
*   scores: 🔴: 0, ✅: 0, 🔵: 0.
*   board:    .-'-._.-'-._.-'-._.-'-.
*            |  ✅ |  ✅ |     |     | 
*          .-'-._.-'-._.-'-._.-'-._.-'-.
*         |     |     |     |  ✅ |  ✅ | 
*       .-'-._.-'-._.-'-._.-'-._.-'-._.-'-.
*      |  🔴 |     |     |     |     |     | 
*    .-'-._.-'-._.-'-._.-'-._.-'-._.-'-._.-'-.
*   |     |  🔴 |     |     |     |     |  🔵 | 
*   '-._.-'-._.-'-._.-'-._.-'-._.-'-._.-'-._.-'
*      |     |  🔴 |     |     |     |  🔵 | 
*      '-._.-'-._.-'-._.-'-._.-'-._.-'-._.-'
*         |     |     |     |  🔵 |     | 
*         '-._.-'-._.-'-._.-'-._.-'-._.-'
*            |  🔴 |     |  🔵 |     |
*            '-._.-'-._.-'-._.-'-._.-'
* updating red player with red's action ('MOVE', ((-3, 2), (-2, 1)))...
*   time:  + 0.000s  (just elapsed)    0.019s  (game total)
* updating green player with red's action ('MOVE', ((-3, 2), (-2, 1)))...
*   time:  + 0.000s  (just elapsed)    0.010s  (game total)
* updating blue player with red's action ('MOVE', ((-3, 2), (-2, 1)))...
*   time:  + 0.000s  (just elapsed)    0.029s  (game total)
* == green player's turn ==
* asking ✅ green player for next action...
*   green player returned action: ('MOVE', ((1, -3), (1, -2)))
*   time:  + 0.009s  (just elapsed)    0.019s  (game total)
* displaying game board:
*   scores: 🔴: 0, ✅: 0, 🔵: 0.
*   board:    .-'-._.-'-._.-'-._.-'-.
*            |  ✅ |     |     |     | 
*          .-'-._.-'-._.-'-._.-'-._.-'-.
*         |     |     |  ✅ |  ✅ |  ✅ | 
*       .-'-._.-'-._.-'-._.-'-._.-'-._.-'-.
*      |  🔴 |     |     |     |     |     | 
*    .-'-._.-'-._.-'-._.-'-._.-'-._.-'-._.-'-.
*   |     |  🔴 |     |     |     |     |  🔵 | 
*   '-._.-'-._.-'-._.-'-._.-'-._.-'-._.-'-._.-'
*      |     |  🔴 |     |     |     |  🔵 | 
*      '-._.-'-._.-'-._.-'-._.-'-._.-'-._.-'
*         |     |     |     |  🔵 |     | 
*         '-._.-'-._.-'-._.-'-._.-'-._.-'
*            |  🔴 |     |  🔵 |     |
*            '-._.-'-._.-'-._.-'-._.-'
* updating red player with green's action ('MOVE', ((1, -3), (1, -2)))...
*   time:  + 0.000s  (just elapsed)    0.019s  (game total)
* updating green player with green's action ('MOVE', ((1, -3), (1, -2)))...
*   time:  + 0.000s  (just elapsed)    0.019s  (game total)
* updating blue player with green's action ('MOVE', ((1, -3), (1, -2)))...
*   time:  + 0.000s  (just elapsed)    0.029s  (game total)
* == blue player's turn ==
* asking 🔵 blue player for next action...
*   blue player returned action: ('MOVE', ((2, 1), (1, 1)))
*   time:  + 0.023s  (just elapsed)    0.052s  (game total)
* displaying game board:
*   scores: 🔴: 0, ✅: 0, 🔵: 0.
*   board:    .-'-._.-'-._.-'-._.-'-.
*            |  ✅ |     |     |     | 
*          .-'-._.-'-._.-'-._.-'-._.-'-.
*         |     |     |  ✅ |  ✅ |  ✅ | 
*       .-'-._.-'-._.-'-._.-'-._.-'-._.-'-.
*      |  🔴 |     |     |     |     |     | 
*    .-'-._.-'-._.-'-._.-'-._.-'-._.-'-._.-'-.
*   |     |  🔴 |     |     |     |     |  🔵 | 
*   '-._.-'-._.-'-._.-'-._.-'-._.-'-._.-'-._.-'
*      |     |  🔴 |     |     |  🔵 |     | 
*      '-._.-'-._.-'-._.-'-._.-'-._.-'-._.-'
*         |     |     |     |  🔵 |     | 
*         '-._.-'-._.-'-._.-'-._.-'-._.-'
*            |  🔴 |     |  🔵 |     |
*            '-._.-'-._.-'-._.-'-._.-'
* updating red player with blue's action ('MOVE', ((2, 1), (1, 1)))...
*   time:  + 0.000s  (just elapsed)    0.019s  (game total)
* updating green player with blue's action ('MOVE', ((2, 1), (1, 1)))...
*   time:  + 0.000s  (just elapsed)    0.019s  (game total)
* updating blue player with blue's action ('MOVE', ((2, 1), (1, 1)))...
*   time:  + 0.000s  (just elapsed)    0.052s  (game total)
* == red player's turn ==
* asking 🔴 red player for next action...
*   red player returned action: ('MOVE', ((-3, 3), (-2, 2)))
*   time:  + 0.010s  (just elapsed)    0.029s  (game total)
* displaying game board:
*   scores: 🔴: 0, ✅: 0, 🔵: 0.
*   board:    .-'-._.-'-._.-'-._.-'-.
*            |  ✅ |     |     |     | 
*          .-'-._.-'-._.-'-._.-'-._.-'-.
*         |     |     |  ✅ |  ✅ |  ✅ | 
*       .-'-._.-'-._.-'-._.-'-._.-'-._.-'-.
*      |  🔴 |     |     |     |     |     | 
*    .-'-._.-'-._.-'-._.-'-._.-'-._.-'-._.-'-.
*   |     |  🔴 |     |     |     |     |  🔵 | 
*   '-._.-'-._.-'-._.-'-._.-'-._.-'-._.-'-._.-'
*      |     |  🔴 |     |     |  🔵 |     | 
*      '-._.-'-._.-'-._.-'-._.-'-._.-'-._.-'
*         |     |  🔴 |     |  🔵 |     | 
*         '-._.-'-._.-'-._.-'-._.-'-._.-'
*            |     |     |  🔵 |     |
*            '-._.-'-._.-'-._.-'-._.-'
* updating red player with red's action ('MOVE', ((-3, 3), (-2, 2)))...
*   time:  + 0.000s  (just elapsed)    0.029s  (game total)
* updating green player with red's action ('MOVE', ((-3, 3), (-2, 2)))...
*   time:  + 0.000s  (just elapsed)    0.019s  (game total)
* updating blue player with red's action ('MOVE', ((-3, 3), (-2, 2)))...
*   time:  + 0.000s  (just elapsed)    0.052s  (game total)
* == green player's turn ==
* asking ✅ green player for next action...
*   green player returned action: ('MOVE', ((0, -3), (0, -2)))
*   time:  + 0.011s  (just elapsed)    0.030s  (game total)
* displaying game board:
*   scores: 🔴: 0, ✅: 0, 🔵: 0.
*   board:    .-'-._.-'-._.-'-._.-'-.
*            |     |     |     |     | 
*          .-'-._.-'-._.-'-._.-'-._.-'-.
*         |     |  ✅ |  ✅ |  ✅ |  ✅ | 
*       .-'-._.-'-._.-'-._.-'-._.-'-._.-'-.
*      |  🔴 |     |     |     |     |     | 
*    .-'-._.-'-._.-'-._.-'-._.-'-._.-'-._.-'-.
*   |     |  🔴 |     |     |     |     |  🔵 | 
*   '-._.-'-._.-'-._.-'-._.-'-._.-'-._.-'-._.-'
*      |     |  🔴 |     |     |  🔵 |     | 
*      '-._.-'-._.-'-._.-'-._.-'-._.-'-._.-'
*         |     |  🔴 |     |  🔵 |     | 
*         '-._.-'-._.-'-._.-'-._.-'-._.-'
*            |     |     |  🔵 |     |
*            '-._.-'-._.-'-._.-'-._.-'
* updating red player with green's action ('MOVE', ((0, -3), (0, -2)))...
*   time:  + 0.000s  (just elapsed)    0.029s  (game total)
* updating green player with green's action ('MOVE', ((0, -3), (0, -2)))...
*   time:  + 0.000s  (just elapsed)    0.030s  (game total)
* updating blue player with green's action ('MOVE', ((0, -3), (0, -2)))...
*   time:  + 0.000s  (just elapsed)    0.052s  (game total)
* == blue player's turn ==
* asking 🔵 blue player for next action...
*   blue player returned action: ('MOVE', ((3, 0), (2, 0)))
*   time:  + 0.026s  (just elapsed)    0.078s  (game total)
* displaying game board:
*   scores: 🔴: 0, ✅: 0, 🔵: 0.
*   board:    .-'-._.-'-._.-'-._.-'-.
*            |     |     |     |     | 
*          .-'-._.-'-._.-'-._.-'-._.-'-.
*         |     |  ✅ |  ✅ |  ✅ |  ✅ | 
*       .-'-._.-'-._.-'-._.-'-._.-'-._.-'-.
*      |  🔴 |     |     |     |     |     | 
*    .-'-._.-'-._.-'-._.-'-._.-'-._.-'-._.-'-.
*   |     |  🔴 |     |     |     |  🔵 |     | 
*   '-._.-'-._.-'-._.-'-._.-'-._.-'-._.-'-._.-'
*      |     |  🔴 |     |     |  🔵 |     | 
*      '-._.-'-._.-'-._.-'-._.-'-._.-'-._.-'
*         |     |  🔴 |     |  🔵 |     | 
*         '-._.-'-._.-'-._.-'-._.-'-._.-'
*            |     |     |  🔵 |     |
*            '-._.-'-._.-'-._.-'-._.-'
* updating red player with blue's action ('MOVE', ((3, 0), (2, 0)))...
*   time:  + 0.000s  (just elapsed)    0.029s  (game total)
* updating green player with blue's action ('MOVE', ((3, 0), (2, 0)))...
*   time:  + 0.000s  (just elapsed)    0.030s  (game total)
* updating blue player with blue's action ('MOVE', ((3, 0), (2, 0)))...
*   time:  + 0.000s  (just elapsed)    0.078s  (game total)
* == red player's turn ==
* asking 🔴 red player for next action...
*   red player returned action: ('MOVE', ((-2, -1), (-1, -2)))
*   time:  + 0.012s  (just elapsed)    0.041s  (game total)
* displaying game board:
*   scores: 🔴: 0, ✅: 0, 🔵: 0.
*   board:    .-'-._.-'-._.-'-._.-'-.
*            |     |     |     |     | 
*          .-'-._.-'-._.-'-._.-'-._.-'-.
*         |  🔴 |  ✅ |  ✅ |  ✅ |  ✅ | 
*       .-'-._.-'-._.-'-._.-'-._.-'-._.-'-.
*      |     |     |     |     |     |     | 
*    .-'-._.-'-._.-'-._.-'-._.-'-._.-'-._.-'-.
*   |     |  🔴 |     |     |     |  🔵 |     | 
*   '-._.-'-._.-'-._.-'-._.-'-._.-'-._.-'-._.-'
*      |     |  🔴 |     |     |  🔵 |     | 
*      '-._.-'-._.-'-._.-'-._.-'-._.-'-._.-'
*         |     |  🔴 |     |  🔵 |     | 
*         '-._.-'-._.-'-._.-'-._.-'-._.-'
*            |     |     |  🔵 |     |
*            '-._.-'-._.-'-._.-'-._.-'
* updating red player with red's action ('MOVE', ((-2, -1), (-1, -2)))...
*   time:  + 0.000s  (just elapsed)    0.041s  (game total)
* updating green player with red's action ('MOVE', ((-2, -1), (-1, -2)))...
*   time:  + 0.000s  (just elapsed)    0.030s  (game total)
* updating blue player with red's action ('MOVE', ((-2, -1), (-1, -2)))...
*   time:  + 0.000s  (just elapsed)    0.078s  (game total)
* == green player's turn ==
* asking ✅ green player for next action...
*   green player returned action: ('MOVE', ((3, -2), (3, -1)))
*   time:  + 0.011s  (just elapsed)    0.041s  (game total)
* displaying game board:
*   scores: 🔴: 0, ✅: 0, 🔵: 0.
*   board:    .-'-._.-'-._.-'-._.-'-.
*            |     |     |     |     | 
*          .-'-._.-'-._.-'-._.-'-._.-'-.
*         |  🔴 |  ✅ |  ✅ |  ✅ |     | 
*       .-'-._.-'-._.-'-._.-'-._.-'-._.-'-.
*      |     |     |     |     |     |  ✅ | 
*    .-'-._.-'-._.-'-._.-'-._.-'-._.-'-._.-'-.
*   |     |  🔴 |     |     |     |  🔵 |     | 
*   '-._.-'-._.-'-._.-'-._.-'-._.-'-._.-'-._.-'
*      |     |  🔴 |     |     |  🔵 |     | 
*      '-._.-'-._.-'-._.-'-._.-'-._.-'-._.-'
*         |     |  🔴 |     |  🔵 |     | 
*         '-._.-'-._.-'-._.-'-._.-'-._.-'
*            |     |     |  🔵 |     |
*            '-._.-'-._.-'-._.-'-._.-'
* updating red player with green's action ('MOVE', ((3, -2), (3, -1)))...
*   time:  + 0.000s  (just elapsed)    0.041s  (game total)
* updating green player with green's action ('MOVE', ((3, -2), (3, -1)))...
*   time:  + 0.000s  (just elapsed)    0.041s  (game total)
* updating blue player with green's action ('MOVE', ((3, -2), (3, -1)))...
*   time:  + 0.000s  (just elapsed)    0.078s  (game total)
* == blue player's turn ==
* asking 🔵 blue player for next action...
*   blue player returned action: ('MOVE', ((-1, 3), (-2, 3)))
*   time:  + 0.019s  (just elapsed)    0.097s  (game total)
* displaying game board:
*   scores: 🔴: 0, ✅: 0, 🔵: 0.
*   board:    .-'-._.-'-._.-'-._.-'-.
*            |     |     |     |     | 
*          .-'-._.-'-._.-'-._.-'-._.-'-.
*         |  🔴 |  ✅ |  ✅ |  ✅ |     | 
*       .-'-._.-'-._.-'-._.-'-._.-'-._.-'-.
*      |     |     |     |     |     |  ✅ | 
*    .-'-._.-'-._.-'-._.-'-._.-'-._.-'-._.-'-.
*   |     |  🔴 |     |     |     |  🔵 |     | 
*   '-._.-'-._.-'-._.-'-._.-'-._.-'-._.-'-._.-'
*      |     |  🔴 |     |     |  🔵 |     | 
*      '-._.-'-._.-'-._.-'-._.-'-._.-'-._.-'
*         |     |  🔴 |     |  🔵 |     | 
*         '-._.-'-._.-'-._.-'-._.-'-._.-'
*            |     |  🔵 |     |     |
*            '-._.-'-._.-'-._.-'-._.-'
* updating red player with blue's action ('MOVE', ((-1, 3), (-2, 3)))...
*   time:  + 0.000s  (just elapsed)    0.041s  (game total)
* updating green player with blue's action ('MOVE', ((-1, 3), (-2, 3)))...
*   time:  + 0.000s  (just elapsed)    0.041s  (game total)
* updating blue player with blue's action ('MOVE', ((-1, 3), (-2, 3)))...
*   time:  + 0.000s  (just elapsed)    0.097s  (game total)
* == red player's turn ==
* asking 🔴 red player for next action...
*   red player returned action: ('MOVE', ((-2, 1), (-1, 0)))
*   time:  + 0.014s  (just elapsed)    0.055s  (game total)
* displaying game board:
*   scores: 🔴: 0, ✅: 0, 🔵: 0.
*   board:    .-'-._.-'-._.-'-._.-'-.
*            |     |     |     |     | 
*          .-'-._.-'-._.-'-._.-'-._.-'-.
*         |  🔴 |  ✅ |  ✅ |  ✅ |     | 
*       .-'-._.-'-._.-'-._.-'-._.-'-._.-'-.
*      |     |     |     |     |     |  ✅ | 
*    .-'-._.-'-._.-'-._.-'-._.-'-._.-'-._.-'-.
*   |     |  🔴 |  🔴 |     |     |  🔵 |     | 
*   '-._.-'-._.-'-._.-'-._.-'-._.-'-._.-'-._.-'
*      |     |     |     |     |  🔵 |     | 
*      '-._.-'-._.-'-._.-'-._.-'-._.-'-._.-'
*         |     |  🔴 |     |  🔵 |     | 
*         '-._.-'-._.-'-._.-'-._.-'-._.-'
*            |     |  🔵 |     |     |
*            '-._.-'-._.-'-._.-'-._.-'
* updating red player with red's action ('MOVE', ((-2, 1), (-1, 0)))...
*   time:  + 0.000s  (just elapsed)    0.055s  (game total)
* updating green player with red's action ('MOVE', ((-2, 1), (-1, 0)))...
*   time:  + 0.000s  (just elapsed)    0.041s  (game total)
* updating blue player with red's action ('MOVE', ((-2, 1), (-1, 0)))...
*   time:  + 0.000s  (just elapsed)    0.097s  (game total)
* == green player's turn ==
* asking ✅ green player for next action...
*   green player returned action: ('MOVE', ((2, -2), (2, -1)))
*   time:  + 0.013s  (just elapsed)    0.054s  (game total)
* displaying game board:
*   scores: 🔴: 0, ✅: 0, 🔵: 0.
*   board:    .-'-._.-'-._.-'-._.-'-.
*            |     |     |     |     | 
*          .-'-._.-'-._.-'-._.-'-._.-'-.
*         |  🔴 |  ✅ |  ✅ |     |     | 
*       .-'-._.-'-._.-'-._.-'-._.-'-._.-'-.
*      |     |     |     |     |  ✅ |  ✅ | 
*    .-'-._.-'-._.-'-._.-'-._.-'-._.-'-._.-'-.
*   |     |  🔴 |  🔴 |     |     |  🔵 |     | 
*   '-._.-'-._.-'-._.-'-._.-'-._.-'-._.-'-._.-'
*      |     |     |     |     |  🔵 |     | 
*      '-._.-'-._.-'-._.-'-._.-'-._.-'-._.-'
*         |     |  🔴 |     |  🔵 |     | 
*         '-._.-'-._.-'-._.-'-._.-'-._.-'
*            |     |  🔵 |     |     |
*            '-._.-'-._.-'-._.-'-._.-'
* updating red player with green's action ('MOVE', ((2, -2), (2, -1)))...
*   time:  + 0.000s  (just elapsed)    0.055s  (game total)
* updating green player with green's action ('MOVE', ((2, -2), (2, -1)))...
*   time:  + 0.000s  (just elapsed)    0.054s  (game total)
* updating blue player with green's action ('MOVE', ((2, -2), (2, -1)))...
*   time:  + 0.000s  (just elapsed)    0.097s  (game total)
* == blue player's turn ==
* asking 🔵 blue player for next action...
*   blue player returned action: ('JUMP', ((2, 0), (2, -2)))
*   time:  + 0.019s  (just elapsed)    0.116s  (game total)
* displaying game board:
*   scores: 🔴: 0, ✅: 0, 🔵: 0.
*   board:    .-'-._.-'-._.-'-._.-'-.
*            |     |     |     |     | 
*          .-'-._.-'-._.-'-._.-'-._.-'-.
*         |  🔴 |  ✅ |  ✅ |  🔵 |     | 
*       .-'-._.-'-._.-'-._.-'-._.-'-._.-'-.
*      |     |     |     |     |  🔵 |  ✅ | 
*    .-'-._.-'-._.-'-._.-'-._.-'-._.-'-._.-'-.
*   |     |  🔴 |  🔴 |     |     |     |     | 
*   '-._.-'-._.-'-._.-'-._.-'-._.-'-._.-'-._.-'
*      |     |     |     |     |  🔵 |     | 
*      '-._.-'-._.-'-._.-'-._.-'-._.-'-._.-'
*         |     |  🔴 |     |  🔵 |     | 
*         '-._.-'-._.-'-._.-'-._.-'-._.-'
*            |     |  🔵 |     |     |
*            '-._.-'-._.-'-._.-'-._.-'
* updating red player with blue's action ('JUMP', ((2, 0), (2, -2)))...
*   time:  + 0.000s  (just elapsed)    0.055s  (game total)
* updating green player with blue's action ('JUMP', ((2, 0), (2, -2)))...
*   time:  + 0.000s  (just elapsed)    0.054s  (game total)
* updating blue player with blue's action ('JUMP', ((2, 0), (2, -2)))...
*   time:  + 0.000s  (just elapsed)    0.116s  (game total)
* == red player's turn ==
* asking 🔴 red player for next action...
*   red player returned action: ('JUMP', ((-2, 0), (0, 0)))
*   time:  + 0.012s  (just elapsed)    0.068s  (game total)
* displaying game board:
*   scores: 🔴: 0, ✅: 0, 🔵: 0.
*   board:    .-'-._.-'-._.-'-._.-'-.
*            |     |     |     |     | 
*          .-'-._.-'-._.-'-._.-'-._.-'-.
*         |  🔴 |  ✅ |  ✅ |  🔵 |     | 
*       .-'-._.-'-._.-'-._.-'-._.-'-._.-'-.
*      |     |     |     |     |  🔵 |  ✅ | 
*    .-'-._.-'-._.-'-._.-'-._.-'-._.-'-._.-'-.
*   |     |     |  🔴 |  🔴 |     |     |     | 
*   '-._.-'-._.-'-._.-'-._.-'-._.-'-._.-'-._.-'
*      |     |     |     |     |  🔵 |     | 
*      '-._.-'-._.-'-._.-'-._.-'-._.-'-._.-'
*         |     |  🔴 |     |  🔵 |     | 
*         '-._.-'-._.-'-._.-'-._.-'-._.-'
*            |     |  🔵 |     |     |
*            '-._.-'-._.-'-._.-'-._.-'
* updating red player with red's action ('JUMP', ((-2, 0), (0, 0)))...
*   time:  + 0.000s  (just elapsed)    0.068s  (game total)
* updating green player with red's action ('JUMP', ((-2, 0), (0, 0)))...
*   time:  + 0.000s  (just elapsed)    0.054s  (game total)
* updating blue player with red's action ('JUMP', ((-2, 0), (0, 0)))...
*   time:  + 0.000s  (just elapsed)    0.116s  (game total)
* == green player's turn ==
* asking ✅ green player for next action...
*   green player returned action: ('JUMP', ((3, -1), (1, -1)))
*   time:  + 0.012s  (just elapsed)    0.066s  (game total)
* displaying game board:
*   scores: 🔴: 0, ✅: 0, 🔵: 0.
*   board:    .-'-._.-'-._.-'-._.-'-.
*            |     |     |     |     | 
*          .-'-._.-'-._.-'-._.-'-._.-'-.
*         |  🔴 |  ✅ |  ✅ |  🔵 |     | 
*       .-'-._.-'-._.-'-._.-'-._.-'-._.-'-.
*      |     |     |     |  ✅ |  ✅ |     | 
*    .-'-._.-'-._.-'-._.-'-._.-'-._.-'-._.-'-.
*   |     |     |  🔴 |  🔴 |     |     |     | 
*   '-._.-'-._.-'-._.-'-._.-'-._.-'-._.-'-._.-'
*      |     |     |     |     |  🔵 |     | 
*      '-._.-'-._.-'-._.-'-._.-'-._.-'-._.-'
*         |     |  🔴 |     |  🔵 |     | 
*         '-._.-'-._.-'-._.-'-._.-'-._.-'
*            |     |  🔵 |     |     |
*            '-._.-'-._.-'-._.-'-._.-'
* updating red player with green's action ('JUMP', ((3, -1), (1, -1)))...
*   time:  + 0.000s  (just elapsed)    0.068s  (game total)
* updating green player with green's action ('JUMP', ((3, -1), (1, -1)))...
*   time:  + 0.000s  (just elapsed)    0.066s  (game total)
* updating blue player with green's action ('JUMP', ((3, -1), (1, -1)))...
*   time:  + 0.000s  (just elapsed)    0.116s  (game total)
* == blue player's turn ==
* asking 🔵 blue player for next action...
*   blue player returned action: ('MOVE', ((2, -2), (2, -3)))
*   time:  + 0.042s  (just elapsed)    0.158s  (game total)
* displaying game board:
*   scores: 🔴: 0, ✅: 0, 🔵: 0.
*   board:    .-'-._.-'-._.-'-._.-'-.
*            |     |     |  🔵 |     | 
*          .-'-._.-'-._.-'-._.-'-._.-'-.
*         |  🔴 |  ✅ |  ✅ |     |     | 
*       .-'-._.-'-._.-'-._.-'-._.-'-._.-'-.
*      |     |     |     |  ✅ |  ✅ |     | 
*    .-'-._.-'-._.-'-._.-'-._.-'-._.-'-._.-'-.
*   |     |     |  🔴 |  🔴 |     |     |     | 
*   '-._.-'-._.-'-._.-'-._.-'-._.-'-._.-'-._.-'
*      |     |     |     |     |  🔵 |     | 
*      '-._.-'-._.-'-._.-'-._.-'-._.-'-._.-'
*         |     |  🔴 |     |  🔵 |     | 
*         '-._.-'-._.-'-._.-'-._.-'-._.-'
*            |     |  🔵 |     |     |
*            '-._.-'-._.-'-._.-'-._.-'
* updating red player with blue's action ('MOVE', ((2, -2), (2, -3)))...
*   time:  + 0.000s  (just elapsed)    0.068s  (game total)
* updating green player with blue's action ('MOVE', ((2, -2), (2, -3)))...
*   time:  + 0.000s  (just elapsed)    0.066s  (game total)
* updating blue player with blue's action ('MOVE', ((2, -2), (2, -3)))...
*   time:  + 0.000s  (just elapsed)    0.158s  (game total)
* == red player's turn ==
* asking 🔴 red player for next action...
*   red player returned action: ('JUMP', ((0, 0), (2, -2)))
*   time:  + 0.015s  (just elapsed)    0.083s  (game total)
* displaying game board:
*   scores: 🔴: 0, ✅: 0, 🔵: 0.
*   board:    .-'-._.-'-._.-'-._.-'-.
*            |     |     |  🔵 |     | 
*          .-'-._.-'-._.-'-._.-'-._.-'-.
*         |  🔴 |  ✅ |  ✅ |  🔴 |     | 
*       .-'-._.-'-._.-'-._.-'-._.-'-._.-'-.
*      |     |     |     |  🔴 |  ✅ |     | 
*    .-'-._.-'-._.-'-._.-'-._.-'-._.-'-._.-'-.
*   |     |     |  🔴 |     |     |     |     | 
*   '-._.-'-._.-'-._.-'-._.-'-._.-'-._.-'-._.-'
*      |     |     |     |     |  🔵 |     | 
*      '-._.-'-._.-'-._.-'-._.-'-._.-'-._.-'
*         |     |  🔴 |     |  🔵 |     | 
*         '-._.-'-._.-'-._.-'-._.-'-._.-'
*            |     |  🔵 |     |     |
*            '-._.-'-._.-'-._.-'-._.-'
* updating red player with red's action ('JUMP', ((0, 0), (2, -2)))...
*   time:  + 0.000s  (just elapsed)    0.084s  (game total)
* updating green player with red's action ('JUMP', ((0, 0), (2, -2)))...
*   time:  + 0.000s  (just elapsed)    0.066s  (game total)
* updating blue player with red's action ('JUMP', ((0, 0), (2, -2)))...
*   time:  + 0.000s  (just elapsed)    0.158s  (game total)
* == green player's turn ==
* asking ✅ green player for next action...
*   green player returned action: ('JUMP', ((1, -2), (1, 0)))
*   time:  + 0.010s  (just elapsed)    0.076s  (game total)
* displaying game board:
*   scores: 🔴: 0, ✅: 0, 🔵: 0.
*   board:    .-'-._.-'-._.-'-._.-'-.
*            |     |     |  🔵 |     | 
*          .-'-._.-'-._.-'-._.-'-._.-'-.
*         |  🔴 |  ✅ |     |  🔴 |     | 
*       .-'-._.-'-._.-'-._.-'-._.-'-._.-'-.
*      |     |     |     |  ✅ |  ✅ |     | 
*    .-'-._.-'-._.-'-._.-'-._.-'-._.-'-._.-'-.
*   |     |     |  🔴 |     |  ✅ |     |     | 
*   '-._.-'-._.-'-._.-'-._.-'-._.-'-._.-'-._.-'
*      |     |     |     |     |  🔵 |     | 
*      '-._.-'-._.-'-._.-'-._.-'-._.-'-._.-'
*         |     |  🔴 |     |  🔵 |     | 
*         '-._.-'-._.-'-._.-'-._.-'-._.-'
*            |     |  🔵 |     |     |
*            '-._.-'-._.-'-._.-'-._.-'
* updating red player with green's action ('JUMP', ((1, -2), (1, 0)))...
*   time:  + 0.000s  (just elapsed)    0.084s  (game total)
* updating green player with green's action ('JUMP', ((1, -2), (1, 0)))...
*   time:  + 0.000s  (just elapsed)    0.076s  (game total)
* updating blue player with green's action ('JUMP', ((1, -2), (1, 0)))...
*   time:  + 0.000s  (just elapsed)    0.159s  (game total)
* == blue player's turn ==
* asking 🔵 blue player for next action...
*   blue player returned action: ('JUMP', ((1, 1), (-1, 3)))
*   time:  + 0.035s  (just elapsed)    0.194s  (game total)
* displaying game board:
*   scores: 🔴: 0, ✅: 0, 🔵: 0.
*   board:    .-'-._.-'-._.-'-._.-'-.
*            |     |     |  🔵 |     | 
*          .-'-._.-'-._.-'-._.-'-._.-'-.
*         |  🔴 |  ✅ |     |  🔴 |     | 
*       .-'-._.-'-._.-'-._.-'-._.-'-._.-'-.
*      |     |     |     |  ✅ |  ✅ |     | 
*    .-'-._.-'-._.-'-._.-'-._.-'-._.-'-._.-'-.
*   |     |     |  🔴 |     |  ✅ |     |     | 
*   '-._.-'-._.-'-._.-'-._.-'-._.-'-._.-'-._.-'
*      |     |     |     |     |     |     | 
*      '-._.-'-._.-'-._.-'-._.-'-._.-'-._.-'
*         |     |  🔴 |     |  🔵 |     | 
*         '-._.-'-._.-'-._.-'-._.-'-._.-'
*            |     |  🔵 |  🔵 |     |
*            '-._.-'-._.-'-._.-'-._.-'
* updating red player with blue's action ('JUMP', ((1, 1), (-1, 3)))...
*   time:  + 0.000s  (just elapsed)    0.084s  (game total)
* updating green player with blue's action ('JUMP', ((1, 1), (-1, 3)))...
*   time:  + 0.000s  (just elapsed)    0.076s  (game total)
* updating blue player with blue's action ('JUMP', ((1, 1), (-1, 3)))...
*   time:  + 0.000s  (just elapsed)    0.194s  (game total)
* == red player's turn ==
* asking 🔴 red player for next action...
*   red player returned action: ('MOVE', ((2, -2), (3, -3)))
*   time:  + 0.017s  (just elapsed)    0.100s  (game total)
* displaying game board:
*   scores: 🔴: 0, ✅: 0, 🔵: 0.
*   board:    .-'-._.-'-._.-'-._.-'-.
*            |     |     |  🔵 |  🔴 | 
*          .-'-._.-'-._.-'-._.-'-._.-'-.
*         |  🔴 |  ✅ |     |     |     | 
*       .-'-._.-'-._.-'-._.-'-._.-'-._.-'-.
*      |     |     |     |  ✅ |  ✅ |     | 
*    .-'-._.-'-._.-'-._.-'-._.-'-._.-'-._.-'-.
*   |     |     |  🔴 |     |  ✅ |     |     | 
*   '-._.-'-._.-'-._.-'-._.-'-._.-'-._.-'-._.-'
*      |     |     |     |     |     |     | 
*      '-._.-'-._.-'-._.-'-._.-'-._.-'-._.-'
*         |     |  🔴 |     |  🔵 |     | 
*         '-._.-'-._.-'-._.-'-._.-'-._.-'
*            |     |  🔵 |  🔵 |     |
*            '-._.-'-._.-'-._.-'-._.-'
* updating red player with red's action ('MOVE', ((2, -2), (3, -3)))...
*   time:  + 0.000s  (just elapsed)    0.100s  (game total)
* updating green player with red's action ('MOVE', ((2, -2), (3, -3)))...
*   time:  + 0.000s  (just elapsed)    0.076s  (game total)
* updating blue player with red's action ('MOVE', ((2, -2), (3, -3)))...
*   time:  + 0.000s  (just elapsed)    0.194s  (game total)
* == green player's turn ==
* asking ✅ green player for next action...
*   green player returned action: ('JUMP', ((1, -1), (1, 1)))
*   time:  + 0.014s  (just elapsed)    0.090s  (game total)
* displaying game board:
*   scores: 🔴: 0, ✅: 0, 🔵: 0.
*   board:    .-'-._.-'-._.-'-._.-'-.
*            |     |     |  🔵 |  🔴 | 
*          .-'-._.-'-._.-'-._.-'-._.-'-.
*         |  🔴 |  ✅ |     |     |     | 
*       .-'-._.-'-._.-'-._.-'-._.-'-._.-'-.
*      |     |     |     |     |  ✅ |     | 
*    .-'-._.-'-._.-'-._.-'-._.-'-._.-'-._.-'-.
*   |     |     |  🔴 |     |  ✅ |     |     | 
*   '-._.-'-._.-'-._.-'-._.-'-._.-'-._.-'-._.-'
*      |     |     |     |     |  ✅ |     | 
*      '-._.-'-._.-'-._.-'-._.-'-._.-'-._.-'
*         |     |  🔴 |     |  🔵 |     | 
*         '-._.-'-._.-'-._.-'-._.-'-._.-'
*            |     |  🔵 |  🔵 |     |
*            '-._.-'-._.-'-._.-'-._.-'
* updating red player with green's action ('JUMP', ((1, -1), (1, 1)))...
*   time:  + 0.000s  (just elapsed)    0.100s  (game total)
* updating green player with green's action ('JUMP', ((1, -1), (1, 1)))...
*   time:  + 0.000s  (just elapsed)    0.090s  (game total)
* updating blue player with green's action ('JUMP', ((1, -1), (1, 1)))...
*   time:  + 0.000s  (just elapsed)    0.194s  (game total)
* == blue player's turn ==
* asking 🔵 blue player for next action...
*   blue player returned action: ('JUMP', ((-2, 3), (-2, 1)))
*   time:  + 0.033s  (just elapsed)    0.227s  (game total)
* displaying game board:
*   scores: 🔴: 0, ✅: 0, 🔵: 0.
*   board:    .-'-._.-'-._.-'-._.-'-.
*            |     |     |  🔵 |  🔴 | 
*          .-'-._.-'-._.-'-._.-'-._.-'-.
*         |  🔴 |  ✅ |     |     |     | 
*       .-'-._.-'-._.-'-._.-'-._.-'-._.-'-.
*      |     |     |     |     |  ✅ |     | 
*    .-'-._.-'-._.-'-._.-'-._.-'-._.-'-._.-'-.
*   |     |     |  🔴 |     |  ✅ |     |     | 
*   '-._.-'-._.-'-._.-'-._.-'-._.-'-._.-'-._.-'
*      |     |  🔵 |     |     |  ✅ |     | 
*      '-._.-'-._.-'-._.-'-._.-'-._.-'-._.-'
*         |     |  🔵 |     |  🔵 |     | 
*         '-._.-'-._.-'-._.-'-._.-'-._.-'
*            |     |     |  🔵 |     |
*            '-._.-'-._.-'-._.-'-._.-'
* updating red player with blue's action ('JUMP', ((-2, 3), (-2, 1)))...
*   time:  + 0.000s  (just elapsed)    0.100s  (game total)
* updating green player with blue's action ('JUMP', ((-2, 3), (-2, 1)))...
*   time:  + 0.000s  (just elapsed)    0.090s  (game total)
* updating blue player with blue's action ('JUMP', ((-2, 3), (-2, 1)))...
*   time:  + 0.000s  (just elapsed)    0.227s  (game total)
* == red player's turn ==
* asking 🔴 red player for next action...
*   red player returned action: ('JUMP', ((-1, -2), (1, -2)))
*   time:  + 0.012s  (just elapsed)    0.112s  (game total)
* displaying game board:
*   scores: 🔴: 0, ✅: 0, 🔵: 0.
*   board:    .-'-._.-'-._.-'-._.-'-.
*            |     |     |  🔵 |  🔴 | 
*          .-'-._.-'-._.-'-._.-'-._.-'-.
*         |     |  🔴 |  🔴 |     |     | 
*       .-'-._.-'-._.-'-._.-'-._.-'-._.-'-.
*      |     |     |     |     |  ✅ |     | 
*    .-'-._.-'-._.-'-._.-'-._.-'-._.-'-._.-'-.
*   |     |     |  🔴 |     |  ✅ |     |     | 
*   '-._.-'-._.-'-._.-'-._.-'-._.-'-._.-'-._.-'
*      |     |  🔵 |     |     |  ✅ |     | 
*      '-._.-'-._.-'-._.-'-._.-'-._.-'-._.-'
*         |     |  🔵 |     |  🔵 |     | 
*         '-._.-'-._.-'-._.-'-._.-'-._.-'
*            |     |     |  🔵 |     |
*            '-._.-'-._.-'-._.-'-._.-'
* updating red player with red's action ('JUMP', ((-1, -2), (1, -2)))...
*   time:  + 0.000s  (just elapsed)    0.112s  (game total)
* updating green player with red's action ('JUMP', ((-1, -2), (1, -2)))...
*   time:  + 0.000s  (just elapsed)    0.091s  (game total)
* updating blue player with red's action ('JUMP', ((-1, -2), (1, -2)))...
*   time:  + 0.000s  (just elapsed)    0.227s  (game total)
* == green player's turn ==
* asking ✅ green player for next action...
*   green player returned action: ('JUMP', ((1, 0), (1, 2)))
*   time:  + 0.015s  (just elapsed)    0.105s  (game total)
* displaying game board:
*   scores: 🔴: 0, ✅: 0, 🔵: 0.
*   board:    .-'-._.-'-._.-'-._.-'-.
*            |     |     |  🔵 |  🔴 | 
*          .-'-._.-'-._.-'-._.-'-._.-'-.
*         |     |  🔴 |  🔴 |     |     | 
*       .-'-._.-'-._.-'-._.-'-._.-'-._.-'-.
*      |     |     |     |     |  ✅ |     | 
*    .-'-._.-'-._.-'-._.-'-._.-'-._.-'-._.-'-.
*   |     |     |  🔴 |     |     |     |     | 
*   '-._.-'-._.-'-._.-'-._.-'-._.-'-._.-'-._.-'
*      |     |  🔵 |     |     |  ✅ |     | 
*      '-._.-'-._.-'-._.-'-._.-'-._.-'-._.-'
*         |     |  🔵 |     |  🔵 |  ✅ | 
*         '-._.-'-._.-'-._.-'-._.-'-._.-'
*            |     |     |  🔵 |     |
*            '-._.-'-._.-'-._.-'-._.-'
* updating red player with green's action ('JUMP', ((1, 0), (1, 2)))...
*   time:  + 0.000s  (just elapsed)    0.112s  (game total)
* updating green player with green's action ('JUMP', ((1, 0), (1, 2)))...
*   time:  + 0.000s  (just elapsed)    0.105s  (game total)
* updating blue player with green's action ('JUMP', ((1, 0), (1, 2)))...
*   time:  + 0.000s  (just elapsed)    0.227s  (game total)
* == blue player's turn ==
* asking 🔵 blue player for next action...
*   blue player returned action: ('JUMP', ((-2, 1), (0, -1)))
*   time:  + 0.034s  (just elapsed)    0.261s  (game total)
* displaying game board:
*   scores: 🔴: 0, ✅: 0, 🔵: 0.
*   board:    .-'-._.-'-._.-'-._.-'-.
*            |     |     |  🔵 |  🔴 | 
*          .-'-._.-'-._.-'-._.-'-._.-'-.
*         |     |  🔴 |  🔴 |     |     | 
*       .-'-._.-'-._.-'-._.-'-._.-'-._.-'-.
*      |     |     |  🔵 |     |  ✅ |     | 
*    .-'-._.-'-._.-'-._.-'-._.-'-._.-'-._.-'-.
*   |     |     |  🔵 |     |     |     |     | 
*   '-._.-'-._.-'-._.-'-._.-'-._.-'-._.-'-._.-'
*      |     |     |     |     |  ✅ |     | 
*      '-._.-'-._.-'-._.-'-._.-'-._.-'-._.-'
*         |     |  🔵 |     |  🔵 |  ✅ | 
*         '-._.-'-._.-'-._.-'-._.-'-._.-'
*            |     |     |  🔵 |     |
*            '-._.-'-._.-'-._.-'-._.-'
* updating red player with blue's action ('JUMP', ((-2, 1), (0, -1)))...
*   time:  + 0.000s  (just elapsed)    0.112s  (game total)
* updating green player with blue's action ('JUMP', ((-2, 1), (0, -1)))...
*   time:  + 0.000s  (just elapsed)    0.105s  (game total)
* updating blue player with blue's action ('JUMP', ((-2, 1), (0, -1)))...
*   time:  + 0.000s  (just elapsed)    0.261s  (game total)
* == red player's turn ==
* asking 🔴 red player for next action...
*   red player returned action: ('JUMP', ((0, -2), (0, 0)))
*   time:  + 0.008s  (just elapsed)    0.120s  (game total)
* displaying game board:
*   scores: 🔴: 0, ✅: 0, 🔵: 0.
*   board:    .-'-._.-'-._.-'-._.-'-.
*            |     |     |  🔵 |  🔴 | 
*          .-'-._.-'-._.-'-._.-'-._.-'-.
*         |     |     |  🔴 |     |     | 
*       .-'-._.-'-._.-'-._.-'-._.-'-._.-'-.
*      |     |     |  🔴 |     |  ✅ |     | 
*    .-'-._.-'-._.-'-._.-'-._.-'-._.-'-._.-'-.
*   |     |     |  🔵 |  🔴 |     |     |     | 
*   '-._.-'-._.-'-._.-'-._.-'-._.-'-._.-'-._.-'
*      |     |     |     |     |  ✅ |     | 
*      '-._.-'-._.-'-._.-'-._.-'-._.-'-._.-'
*         |     |  🔵 |     |  🔵 |  ✅ | 
*         '-._.-'-._.-'-._.-'-._.-'-._.-'
*            |     |     |  🔵 |     |
*            '-._.-'-._.-'-._.-'-._.-'
* updating red player with red's action ('JUMP', ((0, -2), (0, 0)))...
*   time:  + 0.000s  (just elapsed)    0.120s  (game total)
* updating green player with red's action ('JUMP', ((0, -2), (0, 0)))...
*   time:  + 0.000s  (just elapsed)    0.105s  (game total)
* updating blue player with red's action ('JUMP', ((0, -2), (0, 0)))...
*   time:  + 0.000s  (just elapsed)    0.261s  (game total)
* == green player's turn ==
* asking ✅ green player for next action...
*   green player returned action: ('MOVE', ((2, -1), (2, 0)))
*   time:  + 0.011s  (just elapsed)    0.116s  (game total)
* displaying game board:
*   scores: 🔴: 0, ✅: 0, 🔵: 0.
*   board:    .-'-._.-'-._.-'-._.-'-.
*            |     |     |  🔵 |  🔴 | 
*          .-'-._.-'-._.-'-._.-'-._.-'-.
*         |     |     |  🔴 |     |     | 
*       .-'-._.-'-._.-'-._.-'-._.-'-._.-'-.
*      |     |     |  🔴 |     |     |     | 
*    .-'-._.-'-._.-'-._.-'-._.-'-._.-'-._.-'-.
*   |     |     |  🔵 |  🔴 |     |  ✅ |     | 
*   '-._.-'-._.-'-._.-'-._.-'-._.-'-._.-'-._.-'
*      |     |     |     |     |  ✅ |     | 
*      '-._.-'-._.-'-._.-'-._.-'-._.-'-._.-'
*         |     |  🔵 |     |  🔵 |  ✅ | 
*         '-._.-'-._.-'-._.-'-._.-'-._.-'
*            |     |     |  🔵 |     |
*            '-._.-'-._.-'-._.-'-._.-'
* updating red player with green's action ('MOVE', ((2, -1), (2, 0)))...
*   time:  + 0.000s  (just elapsed)    0.121s  (game total)
* updating green player with green's action ('MOVE', ((2, -1), (2, 0)))...
*   time:  + 0.000s  (just elapsed)    0.116s  (game total)
* updating blue player with green's action ('MOVE', ((2, -1), (2, 0)))...
*   time:  + 0.000s  (just elapsed)    0.261s  (game total)
* == blue player's turn ==
* asking 🔵 blue player for next action...
*   blue player returned action: ('MOVE', ((0, 2), (-1, 2)))
*   time:  + 0.022s  (just elapsed)    0.283s  (game total)
* displaying game board:
*   scores: 🔴: 0, ✅: 0, 🔵: 0.
*   board:    .-'-._.-'-._.-'-._.-'-.
*            |     |     |  🔵 |  🔴 | 
*          .-'-._.-'-._.-'-._.-'-._.-'-.
*         |     |     |  🔴 |     |     | 
*       .-'-._.-'-._.-'-._.-'-._.-'-._.-'-.
*      |     |     |  🔴 |     |     |     | 
*    .-'-._.-'-._.-'-._.-'-._.-'-._.-'-._.-'-.
*   |     |     |  🔵 |  🔴 |     |  ✅ |     | 
*   '-._.-'-._.-'-._.-'-._.-'-._.-'-._.-'-._.-'
*      |     |     |     |     |  ✅ |     | 
*      '-._.-'-._.-'-._.-'-._.-'-._.-'-._.-'
*         |     |  🔵 |  🔵 |     |  ✅ | 
*         '-._.-'-._.-'-._.-'-._.-'-._.-'
*            |     |     |  🔵 |     |
*            '-._.-'-._.-'-._.-'-._.-'
* updating red player with blue's action ('MOVE', ((0, 2), (-1, 2)))...
*   time:  + 0.000s  (just elapsed)    0.121s  (game total)
* updating green player with blue's action ('MOVE', ((0, 2), (-1, 2)))...
*   time:  + 0.000s  (just elapsed)    0.116s  (game total)
* updating blue player with blue's action ('MOVE', ((0, 2), (-1, 2)))...
*   time:  + 0.000s  (just elapsed)    0.284s  (game total)
* == red player's turn ==
* asking 🔴 red player for next action...
*   red player returned action: ('JUMP', ((3, -3), (1, -3)))
*   time:  + 0.011s  (just elapsed)    0.132s  (game total)
* displaying game board:
*   scores: 🔴: 0, ✅: 0, 🔵: 0.
*   board:    .-'-._.-'-._.-'-._.-'-.
*            |     |  🔴 |  🔴 |     | 
*          .-'-._.-'-._.-'-._.-'-._.-'-.
*         |     |     |  🔴 |     |     | 
*       .-'-._.-'-._.-'-._.-'-._.-'-._.-'-.
*      |     |     |  🔴 |     |     |     | 
*    .-'-._.-'-._.-'-._.-'-._.-'-._.-'-._.-'-.
*   |     |     |  🔵 |  🔴 |     |  ✅ |     | 
*   '-._.-'-._.-'-._.-'-._.-'-._.-'-._.-'-._.-'
*      |     |     |     |     |  ✅ |     | 
*      '-._.-'-._.-'-._.-'-._.-'-._.-'-._.-'
*         |     |  🔵 |  🔵 |     |  ✅ | 
*         '-._.-'-._.-'-._.-'-._.-'-._.-'
*            |     |     |  🔵 |     |
*            '-._.-'-._.-'-._.-'-._.-'
* updating red player with red's action ('JUMP', ((3, -3), (1, -3)))...
*   time:  + 0.000s  (just elapsed)    0.132s  (game total)
* updating green player with red's action ('JUMP', ((3, -3), (1, -3)))...
*   time:  + 0.000s  (just elapsed)    0.116s  (game total)
* updating blue player with red's action ('JUMP', ((3, -3), (1, -3)))...
*   time:  + 0.000s  (just elapsed)    0.284s  (game total)
* == green player's turn ==
* asking ✅ green player for next action...
*   green player returned action: ('JUMP', ((2, 0), (0, 2)))
*   time:  + 0.011s  (just elapsed)    0.128s  (game total)
* displaying game board:
*   scores: 🔴: 0, ✅: 0, 🔵: 0.
*   board:    .-'-._.-'-._.-'-._.-'-.
*            |     |  🔴 |  🔴 |     | 
*          .-'-._.-'-._.-'-._.-'-._.-'-.
*         |     |     |  🔴 |     |     | 
*       .-'-._.-'-._.-'-._.-'-._.-'-._.-'-.
*      |     |     |  🔴 |     |     |     | 
*    .-'-._.-'-._.-'-._.-'-._.-'-._.-'-._.-'-.
*   |     |     |  🔵 |  🔴 |     |     |     | 
*   '-._.-'-._.-'-._.-'-._.-'-._.-'-._.-'-._.-'
*      |     |     |     |     |  ✅ |     | 
*      '-._.-'-._.-'-._.-'-._.-'-._.-'-._.-'
*         |     |  🔵 |  🔵 |  ✅ |  ✅ | 
*         '-._.-'-._.-'-._.-'-._.-'-._.-'
*            |     |     |  🔵 |     |
*            '-._.-'-._.-'-._.-'-._.-'
* updating red player with green's action ('JUMP', ((2, 0), (0, 2)))...
*   time:  + 0.000s  (just elapsed)    0.132s  (game total)
* updating green player with green's action ('JUMP', ((2, 0), (0, 2)))...
*   time:  + 0.000s  (just elapsed)    0.128s  (game total)
* updating blue player with green's action ('JUMP', ((2, 0), (0, 2)))...
*   time:  + 0.000s  (just elapsed)    0.284s  (game total)
* == blue player's turn ==
* asking 🔵 blue player for next action...
*   blue player returned action: ('MOVE', ((-1, 0), (-2, 0)))
*   time:  + 0.035s  (just elapsed)    0.319s  (game total)
* displaying game board:
*   scores: 🔴: 0, ✅: 0, 🔵: 0.
*   board:    .-'-._.-'-._.-'-._.-'-.
*            |     |  🔴 |  🔴 |     | 
*          .-'-._.-'-._.-'-._.-'-._.-'-.
*         |     |     |  🔴 |     |     | 
*       .-'-._.-'-._.-'-._.-'-._.-'-._.-'-.
*      |     |     |  🔴 |     |     |     | 
*    .-'-._.-'-._.-'-._.-'-._.-'-._.-'-._.-'-.
*   |     |  🔵 |     |  🔴 |     |     |     | 
*   '-._.-'-._.-'-._.-'-._.-'-._.-'-._.-'-._.-'
*      |     |     |     |     |  ✅ |     | 
*      '-._.-'-._.-'-._.-'-._.-'-._.-'-._.-'
*         |     |  🔵 |  🔵 |  ✅ |  ✅ | 
*         '-._.-'-._.-'-._.-'-._.-'-._.-'
*            |     |     |  🔵 |     |
*            '-._.-'-._.-'-._.-'-._.-'
* updating red player with blue's action ('MOVE', ((-1, 0), (-2, 0)))...
*   time:  + 0.000s  (just elapsed)    0.132s  (game total)
* updating green player with blue's action ('MOVE', ((-1, 0), (-2, 0)))...
*   time:  + 0.000s  (just elapsed)    0.128s  (game total)
* updating blue player with blue's action ('MOVE', ((-1, 0), (-2, 0)))...
*   time:  + 0.000s  (just elapsed)    0.319s  (game total)
* == red player's turn ==
* asking 🔴 red player for next action...
*   red player returned action: ('JUMP', ((1, -3), (3, -3)))
*   time:  + 0.020s  (just elapsed)    0.152s  (game total)
* displaying game board:
*   scores: 🔴: 0, ✅: 0, 🔵: 0.
*   board:    .-'-._.-'-._.-'-._.-'-.
*            |     |     |  🔴 |  🔴 | 
*          .-'-._.-'-._.-'-._.-'-._.-'-.
*         |     |     |  🔴 |     |     | 
*       .-'-._.-'-._.-'-._.-'-._.-'-._.-'-.
*      |     |     |  🔴 |     |     |     | 
*    .-'-._.-'-._.-'-._.-'-._.-'-._.-'-._.-'-.
*   |     |  🔵 |     |  🔴 |     |     |     | 
*   '-._.-'-._.-'-._.-'-._.-'-._.-'-._.-'-._.-'
*      |     |     |     |     |  ✅ |     | 
*      '-._.-'-._.-'-._.-'-._.-'-._.-'-._.-'
*         |     |  🔵 |  🔵 |  ✅ |  ✅ | 
*         '-._.-'-._.-'-._.-'-._.-'-._.-'
*            |     |     |  🔵 |     |
*            '-._.-'-._.-'-._.-'-._.-'
* updating red player with red's action ('JUMP', ((1, -3), (3, -3)))...
*   time:  + 0.000s  (just elapsed)    0.152s  (game total)
* updating green player with red's action ('JUMP', ((1, -3), (3, -3)))...
*   time:  + 0.000s  (just elapsed)    0.128s  (game total)
* updating blue player with red's action ('JUMP', ((1, -3), (3, -3)))...
*   time:  + 0.000s  (just elapsed)    0.319s  (game total)
* == green player's turn ==
* asking ✅ green player for next action...
*   green player returned action: ('MOVE', ((0, 2), (0, 3)))
*   time:  + 0.010s  (just elapsed)    0.138s  (game total)
* displaying game board:
*   scores: 🔴: 0, ✅: 0, 🔵: 0.
*   board:    .-'-._.-'-._.-'-._.-'-.
*            |     |     |  🔴 |  🔴 | 
*          .-'-._.-'-._.-'-._.-'-._.-'-.
*         |     |     |  🔴 |     |     | 
*       .-'-._.-'-._.-'-._.-'-._.-'-._.-'-.
*      |     |     |  🔴 |     |     |     | 
*    .-'-._.-'-._.-'-._.-'-._.-'-._.-'-._.-'-.
*   |     |  🔵 |     |  🔴 |     |     |     | 
*   '-._.-'-._.-'-._.-'-._.-'-._.-'-._.-'-._.-'
*      |     |     |     |     |  ✅ |     | 
*      '-._.-'-._.-'-._.-'-._.-'-._.-'-._.-'
*         |     |  🔵 |  🔵 |     |  ✅ | 
*         '-._.-'-._.-'-._.-'-._.-'-._.-'
*            |     |     |  🔵 |  ✅ |
*            '-._.-'-._.-'-._.-'-._.-'
* updating red player with green's action ('MOVE', ((0, 2), (0, 3)))...
*   time:  + 0.000s  (just elapsed)    0.152s  (game total)
* updating green player with green's action ('MOVE', ((0, 2), (0, 3)))...
*   time:  + 0.000s  (just elapsed)    0.138s  (game total)
* updating blue player with green's action ('MOVE', ((0, 2), (0, 3)))...
*   time:  + 0.000s  (just elapsed)    0.319s  (game total)
* == blue player's turn ==
* asking 🔵 blue player for next action...
*   blue player returned action: ('JUMP', ((-1, 3), (-1, 1)))
*   time:  + 0.029s  (just elapsed)    0.348s  (game total)
* displaying game board:
*   scores: 🔴: 0, ✅: 0, 🔵: 0.
*   board:    .-'-._.-'-._.-'-._.-'-.
*            |     |     |  🔴 |  🔴 | 
*          .-'-._.-'-._.-'-._.-'-._.-'-.
*         |     |     |  🔴 |     |     | 
*       .-'-._.-'-._.-'-._.-'-._.-'-._.-'-.
*      |     |     |  🔴 |     |     |     | 
*    .-'-._.-'-._.-'-._.-'-._.-'-._.-'-._.-'-.
*   |     |  🔵 |     |  🔴 |     |     |     | 
*   '-._.-'-._.-'-._.-'-._.-'-._.-'-._.-'-._.-'
*      |     |     |  🔵 |     |  ✅ |     | 
*      '-._.-'-._.-'-._.-'-._.-'-._.-'-._.-'
*         |     |  🔵 |  🔵 |     |  ✅ | 
*         '-._.-'-._.-'-._.-'-._.-'-._.-'
*            |     |     |     |  ✅ |
*            '-._.-'-._.-'-._.-'-._.-'
* updating red player with blue's action ('JUMP', ((-1, 3), (-1, 1)))...
*   time:  + 0.000s  (just elapsed)    0.152s  (game total)
* updating green player with blue's action ('JUMP', ((-1, 3), (-1, 1)))...
*   time:  + 0.000s  (just elapsed)    0.138s  (game total)
* updating blue player with blue's action ('JUMP', ((-1, 3), (-1, 1)))...
*   time:  + 0.000s  (just elapsed)    0.348s  (game total)
* == red player's turn ==
* asking 🔴 red player for next action...
*   red player returned action: ('MOVE', ((0, 0), (1, -1)))
*   time:  + 0.012s  (just elapsed)    0.164s  (game total)
* displaying game board:
*   scores: 🔴: 0, ✅: 0, 🔵: 0.
*   board:    .-'-._.-'-._.-'-._.-'-.
*            |     |     |  🔴 |  🔴 | 
*          .-'-._.-'-._.-'-._.-'-._.-'-.
*         |     |     |  🔴 |     |     | 
*       .-'-._.-'-._.-'-._.-'-._.-'-._.-'-.
*      |     |     |  🔴 |  🔴 |     |     | 
*    .-'-._.-'-._.-'-._.-'-._.-'-._.-'-._.-'-.
*   |     |  🔵 |     |     |     |     |     | 
*   '-._.-'-._.-'-._.-'-._.-'-._.-'-._.-'-._.-'
*      |     |     |  🔵 |     |  ✅ |     | 
*      '-._.-'-._.-'-._.-'-._.-'-._.-'-._.-'
*         |     |  🔵 |  🔵 |     |  ✅ | 
*         '-._.-'-._.-'-._.-'-._.-'-._.-'
*            |     |     |     |  ✅ |
*            '-._.-'-._.-'-._.-'-._.-'
* updating red player with red's action ('MOVE', ((0, 0), (1, -1)))...
*   time:  + 0.000s  (just elapsed)    0.164s  (game total)
* updating green player with red's action ('MOVE', ((0, 0), (1, -1)))...
*   time:  + 0.000s  (just elapsed)    0.138s  (game total)
* updating blue player with red's action ('MOVE', ((0, 0), (1, -1)))...
*   time:  + 0.000s  (just elapsed)    0.349s  (game total)
* == green player's turn ==
* asking ✅ green player for next action...
*   green player returned action: ('MOVE', ((1, 1), (0, 2)))
*   time:  + 0.013s  (just elapsed)    0.151s  (game total)
* displaying game board:
*   scores: 🔴: 0, ✅: 0, 🔵: 0.
*   board:    .-'-._.-'-._.-'-._.-'-.
*            |     |     |  🔴 |  🔴 | 
*          .-'-._.-'-._.-'-._.-'-._.-'-.
*         |     |     |  🔴 |     |     | 
*       .-'-._.-'-._.-'-._.-'-._.-'-._.-'-.
*      |     |     |  🔴 |  🔴 |     |     | 
*    .-'-._.-'-._.-'-._.-'-._.-'-._.-'-._.-'-.
*   |     |  🔵 |     |     |     |     |     | 
*   '-._.-'-._.-'-._.-'-._.-'-._.-'-._.-'-._.-'
*      |     |     |  🔵 |     |     |     | 
*      '-._.-'-._.-'-._.-'-._.-'-._.-'-._.-'
*         |     |  🔵 |  🔵 |  ✅ |  ✅ | 
*         '-._.-'-._.-'-._.-'-._.-'-._.-'
*            |     |     |     |  ✅ |
*            '-._.-'-._.-'-._.-'-._.-'
* updating red player with green's action ('MOVE', ((1, 1), (0, 2)))...
*   time:  + 0.000s  (just elapsed)    0.164s  (game total)
* updating green player with green's action ('MOVE', ((1, 1), (0, 2)))...
*   time:  + 0.000s  (just elapsed)    0.151s  (game total)
* updating blue player with green's action ('MOVE', ((1, 1), (0, 2)))...
*   time:  + 0.000s  (just elapsed)    0.349s  (game total)
* == blue player's turn ==
* asking 🔵 blue player for next action...
*   blue player returned action: ('JUMP', ((-1, 2), (-3, 2)))
*   time:  + 0.023s  (just elapsed)    0.372s  (game total)
* displaying game board:
*   scores: 🔴: 0, ✅: 0, 🔵: 0.
*   board:    .-'-._.-'-._.-'-._.-'-.
*            |     |     |  🔴 |  🔴 | 
*          .-'-._.-'-._.-'-._.-'-._.-'-.
*         |     |     |  🔴 |     |     | 
*       .-'-._.-'-._.-'-._.-'-._.-'-._.-'-.
*      |     |     |  🔴 |  🔴 |     |     | 
*    .-'-._.-'-._.-'-._.-'-._.-'-._.-'-._.-'-.
*   |     |  🔵 |     |     |     |     |     | 
*   '-._.-'-._.-'-._.-'-._.-'-._.-'-._.-'-._.-'
*      |     |     |  🔵 |     |     |     | 
*      '-._.-'-._.-'-._.-'-._.-'-._.-'-._.-'
*         |  🔵 |  🔵 |     |  ✅ |  ✅ | 
*         '-._.-'-._.-'-._.-'-._.-'-._.-'
*            |     |     |     |  ✅ |
*            '-._.-'-._.-'-._.-'-._.-'
* updating red player with blue's action ('JUMP', ((-1, 2), (-3, 2)))...
*   time:  + 0.000s  (just elapsed)    0.165s  (game total)
* updating green player with blue's action ('JUMP', ((-1, 2), (-3, 2)))...
*   time:  + 0.000s  (just elapsed)    0.152s  (game total)
* updating blue player with blue's action ('JUMP', ((-1, 2), (-3, 2)))...
*   time:  + 0.000s  (just elapsed)    0.372s  (game total)
* == red player's turn ==
* asking 🔴 red player for next action...
*   red player returned action: ('JUMP', ((0, -1), (2, -1)))
*   time:  + 0.012s  (just elapsed)    0.177s  (game total)
* displaying game board:
*   scores: 🔴: 0, ✅: 0, 🔵: 0.
*   board:    .-'-._.-'-._.-'-._.-'-.
*            |     |     |  🔴 |  🔴 | 
*          .-'-._.-'-._.-'-._.-'-._.-'-.
*         |     |     |  🔴 |     |     | 
*       .-'-._.-'-._.-'-._.-'-._.-'-._.-'-.
*      |     |     |     |  🔴 |  🔴 |     | 
*    .-'-._.-'-._.-'-._.-'-._.-'-._.-'-._.-'-.
*   |     |  🔵 |     |     |     |     |     | 
*   '-._.-'-._.-'-._.-'-._.-'-._.-'-._.-'-._.-'
*      |     |     |  🔵 |     |     |     | 
*      '-._.-'-._.-'-._.-'-._.-'-._.-'-._.-'
*         |  🔵 |  🔵 |     |  ✅ |  ✅ | 
*         '-._.-'-._.-'-._.-'-._.-'-._.-'
*            |     |     |     |  ✅ |
*            '-._.-'-._.-'-._.-'-._.-'
* updating red player with red's action ('JUMP', ((0, -1), (2, -1)))...
*   time:  + 0.000s  (just elapsed)    0.177s  (game total)
* updating green player with red's action ('JUMP', ((0, -1), (2, -1)))...
*   time:  + 0.000s  (just elapsed)    0.152s  (game total)
* updating blue player with red's action ('JUMP', ((0, -1), (2, -1)))...
*   time:  + 0.000s  (just elapsed)    0.372s  (game total)
* == green player's turn ==
* asking ✅ green player for next action...
*   green player returned action: ('MOVE', ((0, 2), (-1, 3)))
*   time:  + 0.011s  (just elapsed)    0.163s  (game total)
* displaying game board:
*   scores: 🔴: 0, ✅: 0, 🔵: 0.
*   board:    .-'-._.-'-._.-'-._.-'-.
*            |     |     |  🔴 |  🔴 | 
*          .-'-._.-'-._.-'-._.-'-._.-'-.
*         |     |     |  🔴 |     |     | 
*       .-'-._.-'-._.-'-._.-'-._.-'-._.-'-.
*      |     |     |     |  🔴 |  🔴 |     | 
*    .-'-._.-'-._.-'-._.-'-._.-'-._.-'-._.-'-.
*   |     |  🔵 |     |     |     |     |     | 
*   '-._.-'-._.-'-._.-'-._.-'-._.-'-._.-'-._.-'
*      |     |     |  🔵 |     |     |     | 
*      '-._.-'-._.-'-._.-'-._.-'-._.-'-._.-'
*         |  🔵 |  🔵 |     |     |  ✅ | 
*         '-._.-'-._.-'-._.-'-._.-'-._.-'
*            |     |     |  ✅ |  ✅ |
*            '-._.-'-._.-'-._.-'-._.-'
* updating red player with green's action ('MOVE', ((0, 2), (-1, 3)))...
*   time:  + 0.000s  (just elapsed)    0.177s  (game total)
* updating green player with green's action ('MOVE', ((0, 2), (-1, 3)))...
*   time:  + 0.000s  (just elapsed)    0.163s  (game total)
* updating blue player with green's action ('MOVE', ((0, 2), (-1, 3)))...
*   time:  + 0.000s  (just elapsed)    0.372s  (game total)
* == blue player's turn ==
* asking 🔵 blue player for next action...
*   blue player returned action: ('MOVE', ((-2, 0), (-3, 0)))
*   time:  + 0.036s  (just elapsed)    0.408s  (game total)
* displaying game board:
*   scores: 🔴: 0, ✅: 0, 🔵: 0.
*   board:    .-'-._.-'-._.-'-._.-'-.
*            |     |     |  🔴 |  🔴 | 
*          .-'-._.-'-._.-'-._.-'-._.-'-.
*         |     |     |  🔴 |     |     | 
*       .-'-._.-'-._.-'-._.-'-._.-'-._.-'-.
*      |     |     |     |  🔴 |  🔴 |     | 
*    .-'-._.-'-._.-'-._.-'-._.-'-._.-'-._.-'-.
*   |  🔵 |     |     |     |     |     |     | 
*   '-._.-'-._.-'-._.-'-._.-'-._.-'-._.-'-._.-'
*      |     |     |  🔵 |     |     |     | 
*      '-._.-'-._.-'-._.-'-._.-'-._.-'-._.-'
*         |  🔵 |  🔵 |     |     |  ✅ | 
*         '-._.-'-._.-'-._.-'-._.-'-._.-'
*            |     |     |  ✅ |  ✅ |
*            '-._.-'-._.-'-._.-'-._.-'
* updating red player with blue's action ('MOVE', ((-2, 0), (-3, 0)))...
*   time:  + 0.000s  (just elapsed)    0.177s  (game total)
* updating green player with blue's action ('MOVE', ((-2, 0), (-3, 0)))...
*   time:  + 0.000s  (just elapsed)    0.163s  (game total)
* updating blue player with blue's action ('MOVE', ((-2, 0), (-3, 0)))...
*   time:  + 0.000s  (just elapsed)    0.408s  (game total)
* == red player's turn ==
* asking 🔴 red player for next action...
*   red player returned action: ('JUMP', ((1, -1), (3, -1)))
*   time:  + 0.017s  (just elapsed)    0.194s  (game total)
* displaying game board:
*   scores: 🔴: 0, ✅: 0, 🔵: 0.
*   board:    .-'-._.-'-._.-'-._.-'-.
*            |     |     |  🔴 |  🔴 | 
*          .-'-._.-'-._.-'-._.-'-._.-'-.
*         |     |     |  🔴 |     |     | 
*       .-'-._.-'-._.-'-._.-'-._.-'-._.-'-.
*      |     |     |     |     |  🔴 |  🔴 | 
*    .-'-._.-'-._.-'-._.-'-._.-'-._.-'-._.-'-.
*   |  🔵 |     |     |     |     |     |     | 
*   '-._.-'-._.-'-._.-'-._.-'-._.-'-._.-'-._.-'
*      |     |     |  🔵 |     |     |     | 
*      '-._.-'-._.-'-._.-'-._.-'-._.-'-._.-'
*         |  🔵 |  🔵 |     |     |  ✅ | 
*         '-._.-'-._.-'-._.-'-._.-'-._.-'
*            |     |     |  ✅ |  ✅ |
*            '-._.-'-._.-'-._.-'-._.-'
* updating red player with red's action ('JUMP', ((1, -1), (3, -1)))...
*   time:  + 0.000s  (just elapsed)    0.194s  (game total)
* updating green player with red's action ('JUMP', ((1, -1), (3, -1)))...
*   time:  + 0.000s  (just elapsed)    0.163s  (game total)
* updating blue player with red's action ('JUMP', ((1, -1), (3, -1)))...
*   time:  + 0.000s  (just elapsed)    0.408s  (game total)
* == green player's turn ==
* asking ✅ green player for next action...
*   green player returned action: ('EXIT', (0, 3))
*   time:  + 0.011s  (just elapsed)    0.174s  (game total)
* displaying game board:
*   scores: 🔴: 0, ✅: 1, 🔵: 0.
*   board:    .-'-._.-'-._.-'-._.-'-.
*            |     |     |  🔴 |  🔴 | 
*          .-'-._.-'-._.-'-._.-'-._.-'-.
*         |     |     |  🔴 |     |     | 
*       .-'-._.-'-._.-'-._.-'-._.-'-._.-'-.
*      |     |     |     |     |  🔴 |  🔴 | 
*    .-'-._.-'-._.-'-._.-'-._.-'-._.-'-._.-'-.
*   |  🔵 |     |     |     |     |     |     | 
*   '-._.-'-._.-'-._.-'-._.-'-._.-'-._.-'-._.-'
*      |     |     |  🔵 |     |     |     | 
*      '-._.-'-._.-'-._.-'-._.-'-._.-'-._.-'
*         |  🔵 |  🔵 |     |     |  ✅ | 
*         '-._.-'-._.-'-._.-'-._.-'-._.-'
*            |     |     |  ✅ |     |
*            '-._.-'-._.-'-._.-'-._.-'
* updating red player with green's action ('EXIT', (0, 3))...
*   time:  + 0.000s  (just elapsed)    0.194s  (game total)
* updating green player with green's action ('EXIT', (0, 3))...
*   time:  + 0.000s  (just elapsed)    0.174s  (game total)
* updating blue player with green's action ('EXIT', (0, 3))...
*   time:  + 0.000s  (just elapsed)    0.408s  (game total)
* == blue player's turn ==
* asking 🔵 blue player for next action...
*   blue player returned action: ('MOVE', ((-1, 1), (-2, 1)))
*   time:  + 0.024s  (just elapsed)    0.432s  (game total)
* displaying game board:
*   scores: 🔴: 0, ✅: 1, 🔵: 0.
*   board:    .-'-._.-'-._.-'-._.-'-.
*            |     |     |  🔴 |  🔴 | 
*          .-'-._.-'-._.-'-._.-'-._.-'-.
*         |     |     |  🔴 |     |     | 
*       .-'-._.-'-._.-'-._.-'-._.-'-._.-'-.
*      |     |     |     |     |  🔴 |  🔴 | 
*    .-'-._.-'-._.-'-._.-'-._.-'-._.-'-._.-'-.
*   |  🔵 |     |     |     |     |     |     | 
*   '-._.-'-._.-'-._.-'-._.-'-._.-'-._.-'-._.-'
*      |     |  🔵 |     |     |     |     | 
*      '-._.-'-._.-'-._.-'-._.-'-._.-'-._.-'
*         |  🔵 |  🔵 |     |     |  ✅ | 
*         '-._.-'-._.-'-._.-'-._.-'-._.-'
*            |     |     |  ✅ |     |
*            '-._.-'-._.-'-._.-'-._.-'
* updating red player with blue's action ('MOVE', ((-1, 1), (-2, 1)))...
*   time:  + 0.000s  (just elapsed)    0.195s  (game total)
* updating green player with blue's action ('MOVE', ((-1, 1), (-2, 1)))...
*   time:  + 0.000s  (just elapsed)    0.174s  (game total)
* updating blue player with blue's action ('MOVE', ((-1, 1), (-2, 1)))...
*   time:  + 0.000s  (just elapsed)    0.432s  (game total)
* == red player's turn ==
* asking 🔴 red player for next action...
*   red player returned action: ('MOVE', ((2, -1), (3, -2)))
*   time:  + 0.009s  (just elapsed)    0.204s  (game total)
* displaying game board:
*   scores: 🔴: 0, ✅: 1, 🔵: 0.
*   board:    .-'-._.-'-._.-'-._.-'-.
*            |     |     |  🔴 |  🔴 | 
*          .-'-._.-'-._.-'-._.-'-._.-'-.
*         |     |     |  🔴 |     |  🔴 | 
*       .-'-._.-'-._.-'-._.-'-._.-'-._.-'-.
*      |     |     |     |     |     |  🔴 | 
*    .-'-._.-'-._.-'-._.-'-._.-'-._.-'-._.-'-.
*   |  🔵 |     |     |     |     |     |     | 
*   '-._.-'-._.-'-._.-'-._.-'-._.-'-._.-'-._.-'
*      |     |  🔵 |     |     |     |     | 
*      '-._.-'-._.-'-._.-'-._.-'-._.-'-._.-'
*         |  🔵 |  🔵 |     |     |  ✅ | 
*         '-._.-'-._.-'-._.-'-._.-'-._.-'
*            |     |     |  ✅ |     |
*            '-._.-'-._.-'-._.-'-._.-'
* updating red player with red's action ('MOVE', ((2, -1), (3, -2)))...
*   time:  + 0.000s  (just elapsed)    0.204s  (game total)
* updating green player with red's action ('MOVE', ((2, -1), (3, -2)))...
*   time:  + 0.000s  (just elapsed)    0.174s  (game total)
* updating blue player with red's action ('MOVE', ((2, -1), (3, -2)))...
*   time:  + 0.000s  (just elapsed)    0.432s  (game total)
* == green player's turn ==
* asking ✅ green player for next action...
*   green player returned action: ('MOVE', ((1, 2), (0, 3)))
*   time:  + 0.009s  (just elapsed)    0.184s  (game total)
* displaying game board:
*   scores: 🔴: 0, ✅: 1, 🔵: 0.
*   board:    .-'-._.-'-._.-'-._.-'-.
*            |     |     |  🔴 |  🔴 | 
*          .-'-._.-'-._.-'-._.-'-._.-'-.
*         |     |     |  🔴 |     |  🔴 | 
*       .-'-._.-'-._.-'-._.-'-._.-'-._.-'-.
*      |     |     |     |     |     |  🔴 | 
*    .-'-._.-'-._.-'-._.-'-._.-'-._.-'-._.-'-.
*   |  🔵 |     |     |     |     |     |     | 
*   '-._.-'-._.-'-._.-'-._.-'-._.-'-._.-'-._.-'
*      |     |  🔵 |     |     |     |     | 
*      '-._.-'-._.-'-._.-'-._.-'-._.-'-._.-'
*         |  🔵 |  🔵 |     |     |     | 
*         '-._.-'-._.-'-._.-'-._.-'-._.-'
*            |     |     |  ✅ |  ✅ |
*            '-._.-'-._.-'-._.-'-._.-'
* updating red player with green's action ('MOVE', ((1, 2), (0, 3)))...
*   time:  + 0.000s  (just elapsed)    0.204s  (game total)
* updating green player with green's action ('MOVE', ((1, 2), (0, 3)))...
*   time:  + 0.000s  (just elapsed)    0.184s  (game total)
* updating blue player with green's action ('MOVE', ((1, 2), (0, 3)))...
*   time:  + 0.000s  (just elapsed)    0.432s  (game total)
* == blue player's turn ==
* asking 🔵 blue player for next action...
*   blue player returned action: ('JUMP', ((-2, 2), (-2, 0)))
*   time:  + 0.014s  (just elapsed)    0.447s  (game total)
* displaying game board:
*   scores: 🔴: 0, ✅: 1, 🔵: 0.
*   board:    .-'-._.-'-._.-'-._.-'-.
*            |     |     |  🔴 |  🔴 | 
*          .-'-._.-'-._.-'-._.-'-._.-'-.
*         |     |     |  🔴 |     |  🔴 | 
*       .-'-._.-'-._.-'-._.-'-._.-'-._.-'-.
*      |     |     |     |     |     |  🔴 | 
*    .-'-._.-'-._.-'-._.-'-._.-'-._.-'-._.-'-.
*   |  🔵 |  🔵 |     |     |     |     |     | 
*   '-._.-'-._.-'-._.-'-._.-'-._.-'-._.-'-._.-'
*      |     |  🔵 |     |     |     |     | 
*      '-._.-'-._.-'-._.-'-._.-'-._.-'-._.-'
*         |  🔵 |     |     |     |     | 
*         '-._.-'-._.-'-._.-'-._.-'-._.-'
*            |     |     |  ✅ |  ✅ |
*            '-._.-'-._.-'-._.-'-._.-'
* updating red player with blue's action ('JUMP', ((-2, 2), (-2, 0)))...
*   time:  + 0.000s  (just elapsed)    0.204s  (game total)
* updating green player with blue's action ('JUMP', ((-2, 2), (-2, 0)))...
*   time:  + 0.000s  (just elapsed)    0.184s  (game total)
* updating blue player with blue's action ('JUMP', ((-2, 2), (-2, 0)))...
*   time:  + 0.000s  (just elapsed)    0.447s  (game total)
* == red player's turn ==
* asking 🔴 red player for next action...
*   red player returned action: ('MOVE', ((1, -2), (2, -2)))
*   time:  + 0.008s  (just elapsed)    0.212s  (game total)
* displaying game board:
*   scores: 🔴: 0, ✅: 1, 🔵: 0.
*   board:    .-'-._.-'-._.-'-._.-'-.
*            |     |     |  🔴 |  🔴 | 
*          .-'-._.-'-._.-'-._.-'-._.-'-.
*         |     |     |     |  🔴 |  🔴 | 
*       .-'-._.-'-._.-'-._.-'-._.-'-._.-'-.
*      |     |     |     |     |     |  🔴 | 
*    .-'-._.-'-._.-'-._.-'-._.-'-._.-'-._.-'-.
*   |  🔵 |  🔵 |     |     |     |     |     | 
*   '-._.-'-._.-'-._.-'-._.-'-._.-'-._.-'-._.-'
*      |     |  🔵 |     |     |     |     | 
*      '-._.-'-._.-'-._.-'-._.-'-._.-'-._.-'
*         |  🔵 |     |     |     |     | 
*         '-._.-'-._.-'-._.-'-._.-'-._.-'
*            |     |     |  ✅ |  ✅ |
*            '-._.-'-._.-'-._.-'-._.-'
* updating red player with red's action ('MOVE', ((1, -2), (2, -2)))...
*   time:  + 0.000s  (just elapsed)    0.212s  (game total)
* updating green player with red's action ('MOVE', ((1, -2), (2, -2)))...
*   time:  + 0.000s  (just elapsed)    0.184s  (game total)
* updating blue player with red's action ('MOVE', ((1, -2), (2, -2)))...
*   time:  + 0.000s  (just elapsed)    0.447s  (game total)
* == green player's turn ==
* asking ✅ green player for next action...
*   green player returned action: ('EXIT', (-1, 3))
*   time:  + 0.007s  (just elapsed)    0.191s  (game total)
* displaying game board:
*   scores: 🔴: 0, ✅: 2, 🔵: 0.
*   board:    .-'-._.-'-._.-'-._.-'-.
*            |     |     |  🔴 |  🔴 | 
*          .-'-._.-'-._.-'-._.-'-._.-'-.
*         |     |     |     |  🔴 |  🔴 | 
*       .-'-._.-'-._.-'-._.-'-._.-'-._.-'-.
*      |     |     |     |     |     |  🔴 | 
*    .-'-._.-'-._.-'-._.-'-._.-'-._.-'-._.-'-.
*   |  🔵 |  🔵 |     |     |     |     |     | 
*   '-._.-'-._.-'-._.-'-._.-'-._.-'-._.-'-._.-'
*      |     |  🔵 |     |     |     |     | 
*      '-._.-'-._.-'-._.-'-._.-'-._.-'-._.-'
*         |  🔵 |     |     |     |     | 
*         '-._.-'-._.-'-._.-'-._.-'-._.-'
*            |     |     |     |  ✅ |
*            '-._.-'-._.-'-._.-'-._.-'
* updating red player with green's action ('EXIT', (-1, 3))...
*   time:  + 0.000s  (just elapsed)    0.212s  (game total)
* updating green player with green's action ('EXIT', (-1, 3))...
*   time:  + 0.000s  (just elapsed)    0.191s  (game total)
* updating blue player with green's action ('EXIT', (-1, 3))...
*   time:  + 0.000s  (just elapsed)    0.447s  (game total)
* == blue player's turn ==
* asking 🔵 blue player for next action...
*   blue player returned action: ('JUMP', ((-2, 1), (-2, -1)))
*   time:  + 0.010s  (just elapsed)    0.457s  (game total)
* displaying game board:
*   scores: 🔴: 0, ✅: 2, 🔵: 0.
*   board:    .-'-._.-'-._.-'-._.-'-.
*            |     |     |  🔴 |  🔴 | 
*          .-'-._.-'-._.-'-._.-'-._.-'-.
*         |     |     |     |  🔴 |  🔴 | 
*       .-'-._.-'-._.-'-._.-'-._.-'-._.-'-.
*      |  🔵 |     |     |     |     |  🔴 | 
*    .-'-._.-'-._.-'-._.-'-._.-'-._.-'-._.-'-.
*   |  🔵 |  🔵 |     |     |     |     |     | 
*   '-._.-'-._.-'-._.-'-._.-'-._.-'-._.-'-._.-'
*      |     |     |     |     |     |     | 
*      '-._.-'-._.-'-._.-'-._.-'-._.-'-._.-'
*         |  🔵 |     |     |     |     | 
*         '-._.-'-._.-'-._.-'-._.-'-._.-'
*            |     |     |     |  ✅ |
*            '-._.-'-._.-'-._.-'-._.-'
* updating red player with blue's action ('JUMP', ((-2, 1), (-2, -1)))...
*   time:  + 0.000s  (just elapsed)    0.212s  (game total)
* updating green player with blue's action ('JUMP', ((-2, 1), (-2, -1)))...
*   time:  + 0.000s  (just elapsed)    0.191s  (game total)
* updating blue player with blue's action ('JUMP', ((-2, 1), (-2, -1)))...
*   time:  + 0.000s  (just elapsed)    0.457s  (game total)
* == red player's turn ==
* asking 🔴 red player for next action...
*   red player returned action: ('EXIT', (3, -3))
*   time:  + 0.004s  (just elapsed)    0.216s  (game total)
* displaying game board:
*   scores: 🔴: 1, ✅: 2, 🔵: 0.
*   board:    .-'-._.-'-._.-'-._.-'-.
*            |     |     |  🔴 |     | 
*          .-'-._.-'-._.-'-._.-'-._.-'-.
*         |     |     |     |  🔴 |  🔴 | 
*       .-'-._.-'-._.-'-._.-'-._.-'-._.-'-.
*      |  🔵 |     |     |     |     |  🔴 | 
*    .-'-._.-'-._.-'-._.-'-._.-'-._.-'-._.-'-.
*   |  🔵 |  🔵 |     |     |     |     |     | 
*   '-._.-'-._.-'-._.-'-._.-'-._.-'-._.-'-._.-'
*      |     |     |     |     |     |     | 
*      '-._.-'-._.-'-._.-'-._.-'-._.-'-._.-'
*         |  🔵 |     |     |     |     | 
*         '-._.-'-._.-'-._.-'-._.-'-._.-'
*            |     |     |     |  ✅ |
*            '-._.-'-._.-'-._.-'-._.-'
* updating red player with red's action ('EXIT', (3, -3))...
*   time:  + 0.000s  (just elapsed)    0.217s  (game total)
* updating green player with red's action ('EXIT', (3, -3))...
*   time:  + 0.000s  (just elapsed)    0.191s  (game total)
* updating blue player with red's action ('EXIT', (3, -3))...
*   time:  + 0.000s  (just elapsed)    0.457s  (game total)
* == green player's turn ==
* asking ✅ green player for next action...
*   green player returned action: ('EXIT', (0, 3))
*   time:  + 0.003s  (just elapsed)    0.195s  (game total)
* displaying game board:
*   scores: 🔴: 1, ✅: 3, 🔵: 0.
*   board:    .-'-._.-'-._.-'-._.-'-.
*            |     |     |  🔴 |     | 
*          .-'-._.-'-._.-'-._.-'-._.-'-.
*         |     |     |     |  🔴 |  🔴 | 
*       .-'-._.-'-._.-'-._.-'-._.-'-._.-'-.
*      |  🔵 |     |     |     |     |  🔴 | 
*    .-'-._.-'-._.-'-._.-'-._.-'-._.-'-._.-'-.
*   |  🔵 |  🔵 |     |     |     |     |     | 
*   '-._.-'-._.-'-._.-'-._.-'-._.-'-._.-'-._.-'
*      |     |     |     |     |     |     | 
*      '-._.-'-._.-'-._.-'-._.-'-._.-'-._.-'
*         |  🔵 |     |     |     |     | 
*         '-._.-'-._.-'-._.-'-._.-'-._.-'
*            |     |     |     |     |
*            '-._.-'-._.-'-._.-'-._.-'
* updating red player with green's action ('EXIT', (0, 3))...
*   time:  + 0.000s  (just elapsed)    0.217s  (game total)
* updating green player with green's action ('EXIT', (0, 3))...
*   time:  + 0.000s  (just elapsed)    0.195s  (game total)
* updating blue player with green's action ('EXIT', (0, 3))...
*   time:  + 0.000s  (just elapsed)    0.457s  (game total)
* == blue player's turn ==
* asking 🔵 blue player for next action...
*   blue player returned action: ('MOVE', ((-3, 2), (-3, 1)))
*   time:  + 0.007s  (just elapsed)    0.464s  (game total)
* displaying game board:
*   scores: 🔴: 1, ✅: 3, 🔵: 0.
*   board:    .-'-._.-'-._.-'-._.-'-.
*            |     |     |  🔴 |     | 
*          .-'-._.-'-._.-'-._.-'-._.-'-.
*         |     |     |     |  🔴 |  🔴 | 
*       .-'-._.-'-._.-'-._.-'-._.-'-._.-'-.
*      |  🔵 |     |     |     |     |  🔴 | 
*    .-'-._.-'-._.-'-._.-'-._.-'-._.-'-._.-'-.
*   |  🔵 |  🔵 |     |     |     |     |     | 
*   '-._.-'-._.-'-._.-'-._.-'-._.-'-._.-'-._.-'
*      |  🔵 |     |     |     |     |     | 
*      '-._.-'-._.-'-._.-'-._.-'-._.-'-._.-'
*         |     |     |     |     |     | 
*         '-._.-'-._.-'-._.-'-._.-'-._.-'
*            |     |     |     |     |
*            '-._.-'-._.-'-._.-'-._.-'
* updating red player with blue's action ('MOVE', ((-3, 2), (-3, 1)))...
*   time:  + 0.000s  (just elapsed)    0.217s  (game total)
* updating green player with blue's action ('MOVE', ((-3, 2), (-3, 1)))...
*   time:  + 0.000s  (just elapsed)    0.195s  (game total)
* updating blue player with blue's action ('MOVE', ((-3, 2), (-3, 1)))...
*   time:  + 0.000s  (just elapsed)    0.464s  (game total)
* == red player's turn ==
* asking 🔴 red player for next action...
*   red player returned action: ('MOVE', ((2, -2), (3, -3)))
*   time:  + 0.002s  (just elapsed)    0.219s  (game total)
* displaying game board:
*   scores: 🔴: 1, ✅: 3, 🔵: 0.
*   board:    .-'-._.-'-._.-'-._.-'-.
*            |     |     |  🔴 |  🔴 | 
*          .-'-._.-'-._.-'-._.-'-._.-'-.
*         |     |     |     |     |  🔴 | 
*       .-'-._.-'-._.-'-._.-'-._.-'-._.-'-.
*      |  🔵 |     |     |     |     |  🔴 | 
*    .-'-._.-'-._.-'-._.-'-._.-'-._.-'-._.-'-.
*   |  🔵 |  🔵 |     |     |     |     |     | 
*   '-._.-'-._.-'-._.-'-._.-'-._.-'-._.-'-._.-'
*      |  🔵 |     |     |     |     |     | 
*      '-._.-'-._.-'-._.-'-._.-'-._.-'-._.-'
*         |     |     |     |     |     | 
*         '-._.-'-._.-'-._.-'-._.-'-._.-'
*            |     |     |     |     |
*            '-._.-'-._.-'-._.-'-._.-'
* updating red player with red's action ('MOVE', ((2, -2), (3, -3)))...
*   time:  + 0.000s  (just elapsed)    0.219s  (game total)
* updating green player with red's action ('MOVE', ((2, -2), (3, -3)))...
*   time:  + 0.000s  (just elapsed)    0.195s  (game total)
* updating blue player with red's action ('MOVE', ((2, -2), (3, -3)))...
*   time:  + 0.000s  (just elapsed)    0.464s  (game total)
* == green player's turn ==
* asking ✅ green player for next action...
*   green player returned action: ('PASS', None)
*   time:  + 0.000s  (just elapsed)    0.195s  (game total)
* displaying game board:
*   scores: 🔴: 1, ✅: 3, 🔵: 0.
*   board:    .-'-._.-'-._.-'-._.-'-.
*            |     |     |  🔴 |  🔴 | 
*          .-'-._.-'-._.-'-._.-'-._.-'-.
*         |     |     |     |     |  🔴 | 
*       .-'-._.-'-._.-'-._.-'-._.-'-._.-'-.
*      |  🔵 |     |     |     |     |  🔴 | 
*    .-'-._.-'-._.-'-._.-'-._.-'-._.-'-._.-'-.
*   |  🔵 |  🔵 |     |     |     |     |     | 
*   '-._.-'-._.-'-._.-'-._.-'-._.-'-._.-'-._.-'
*      |  🔵 |     |     |     |     |     | 
*      '-._.-'-._.-'-._.-'-._.-'-._.-'-._.-'
*         |     |     |     |     |     | 
*         '-._.-'-._.-'-._.-'-._.-'-._.-'
*            |     |     |     |     |
*            '-._.-'-._.-'-._.-'-._.-'
* updating red player with green's action ('PASS', None)...
*   time:  + 0.000s  (just elapsed)    0.219s  (game total)
* updating green player with green's action ('PASS', None)...
*   time:  + 0.000s  (just elapsed)    0.195s  (game total)
* updating blue player with green's action ('PASS', None)...
*   time:  + 0.000s  (just elapsed)    0.464s  (game total)
* == blue player's turn ==
* asking 🔵 blue player for next action...
*   blue player returned action: ('EXIT', (-3, 0))
*   time:  + 0.006s  (just elapsed)    0.471s  (game total)
* displaying game board:
*   scores: 🔴: 1, ✅: 3, 🔵: 1.
*   board:    .-'-._.-'-._.-'-._.-'-.
*            |     |     |  🔴 |  🔴 | 
*          .-'-._.-'-._.-'-._.-'-._.-'-.
*         |     |     |     |     |  🔴 | 
*       .-'-._.-'-._.-'-._.-'-._.-'-._.-'-.
*      |  🔵 |     |     |     |     |  🔴 | 
*    .-'-._.-'-._.-'-._.-'-._.-'-._.-'-._.-'-.
*   |     |  🔵 |     |     |     |     |     | 
*   '-._.-'-._.-'-._.-'-._.-'-._.-'-._.-'-._.-'
*      |  🔵 |     |     |     |     |     | 
*      '-._.-'-._.-'-._.-'-._.-'-._.-'-._.-'
*         |     |     |     |     |     | 
*         '-._.-'-._.-'-._.-'-._.-'-._.-'
*            |     |     |     |     |
*            '-._.-'-._.-'-._.-'-._.-'
* updating red player with blue's action ('EXIT', (-3, 0))...
*   time:  + 0.000s  (just elapsed)    0.219s  (game total)
* updating green player with blue's action ('EXIT', (-3, 0))...
*   time:  + 0.000s  (just elapsed)    0.195s  (game total)
* updating blue player with blue's action ('EXIT', (-3, 0))...
*   time:  + 0.000s  (just elapsed)    0.471s  (game total)
* == red player's turn ==
* asking 🔴 red player for next action...
*   red player returned action: ('EXIT', (3, -1))
*   time:  + 0.002s  (just elapsed)    0.221s  (game total)
* displaying game board:
*   scores: 🔴: 2, ✅: 3, 🔵: 1.
*   board:    .-'-._.-'-._.-'-._.-'-.
*            |     |     |  🔴 |  🔴 | 
*          .-'-._.-'-._.-'-._.-'-._.-'-.
*         |     |     |     |     |  🔴 | 
*       .-'-._.-'-._.-'-._.-'-._.-'-._.-'-.
*      |  🔵 |     |     |     |     |     | 
*    .-'-._.-'-._.-'-._.-'-._.-'-._.-'-._.-'-.
*   |     |  🔵 |     |     |     |     |     | 
*   '-._.-'-._.-'-._.-'-._.-'-._.-'-._.-'-._.-'
*      |  🔵 |     |     |     |     |     | 
*      '-._.-'-._.-'-._.-'-._.-'-._.-'-._.-'
*         |     |     |     |     |     | 
*         '-._.-'-._.-'-._.-'-._.-'-._.-'
*            |     |     |     |     |
*            '-._.-'-._.-'-._.-'-._.-'
* updating red player with red's action ('EXIT', (3, -1))...
*   time:  + 0.000s  (just elapsed)    0.221s  (game total)
* updating green player with red's action ('EXIT', (3, -1))...
*   time:  + 0.000s  (just elapsed)    0.195s  (game total)
* updating blue player with red's action ('EXIT', (3, -1))...
*   time:  + 0.000s  (just elapsed)    0.471s  (game total)
* == green player's turn ==
* asking ✅ green player for next action...
*   green player returned action: ('PASS', None)
*   time:  + 0.000s  (just elapsed)    0.195s  (game total)
* displaying game board:
*   scores: 🔴: 2, ✅: 3, 🔵: 1.
*   board:    .-'-._.-'-._.-'-._.-'-.
*            |     |     |  🔴 |  🔴 | 
*          .-'-._.-'-._.-'-._.-'-._.-'-.
*         |     |     |     |     |  🔴 | 
*       .-'-._.-'-._.-'-._.-'-._.-'-._.-'-.
*      |  🔵 |     |     |     |     |     | 
*    .-'-._.-'-._.-'-._.-'-._.-'-._.-'-._.-'-.
*   |     |  🔵 |     |     |     |     |     | 
*   '-._.-'-._.-'-._.-'-._.-'-._.-'-._.-'-._.-'
*      |  🔵 |     |     |     |     |     | 
*      '-._.-'-._.-'-._.-'-._.-'-._.-'-._.-'
*         |     |     |     |     |     | 
*         '-._.-'-._.-'-._.-'-._.-'-._.-'
*            |     |     |     |     |
*            '-._.-'-._.-'-._.-'-._.-'
* updating red player with green's action ('PASS', None)...
*   time:  + 0.000s  (just elapsed)    0.221s  (game total)
* updating green player with green's action ('PASS', None)...
*   time:  + 0.000s  (just elapsed)    0.195s  (game total)
* updating blue player with green's action ('PASS', None)...
*   time:  + 0.000s  (just elapsed)    0.471s  (game total)
* == blue player's turn ==
* asking 🔵 blue player for next action...
*   blue player returned action: ('MOVE', ((-2, 0), (-3, 0)))
*   time:  + 0.005s  (just elapsed)    0.476s  (game total)
* displaying game board:
*   scores: 🔴: 2, ✅: 3, 🔵: 1.
*   board:    .-'-._.-'-._.-'-._.-'-.
*            |     |     |  🔴 |  🔴 | 
*          .-'-._.-'-._.-'-._.-'-._.-'-.
*         |     |     |     |     |  🔴 | 
*       .-'-._.-'-._.-'-._.-'-._.-'-._.-'-.
*      |  🔵 |     |     |     |     |     | 
*    .-'-._.-'-._.-'-._.-'-._.-'-._.-'-._.-'-.
*   |  🔵 |     |     |     |     |     |     | 
*   '-._.-'-._.-'-._.-'-._.-'-._.-'-._.-'-._.-'
*      |  🔵 |     |     |     |     |     | 
*      '-._.-'-._.-'-._.-'-._.-'-._.-'-._.-'
*         |     |     |     |     |     | 
*         '-._.-'-._.-'-._.-'-._.-'-._.-'
*            |     |     |     |     |
*            '-._.-'-._.-'-._.-'-._.-'
* updating red player with blue's action ('MOVE', ((-2, 0), (-3, 0)))...
*   time:  + 0.000s  (just elapsed)    0.221s  (game total)
* updating green player with blue's action ('MOVE', ((-2, 0), (-3, 0)))...
*   time:  + 0.000s  (just elapsed)    0.196s  (game total)
* updating blue player with blue's action ('MOVE', ((-2, 0), (-3, 0)))...
*   time:  + 0.000s  (just elapsed)    0.476s  (game total)
* == red player's turn ==
* asking 🔴 red player for next action...
*   red player returned action: ('EXIT', (3, -2))
*   time:  + 0.001s  (just elapsed)    0.223s  (game total)
* displaying game board:
*   scores: 🔴: 3, ✅: 3, 🔵: 1.
*   board:    .-'-._.-'-._.-'-._.-'-.
*            |     |     |  🔴 |  🔴 | 
*          .-'-._.-'-._.-'-._.-'-._.-'-.
*         |     |     |     |     |     | 
*       .-'-._.-'-._.-'-._.-'-._.-'-._.-'-.
*      |  🔵 |     |     |     |     |     | 
*    .-'-._.-'-._.-'-._.-'-._.-'-._.-'-._.-'-.
*   |  🔵 |     |     |     |     |     |     | 
*   '-._.-'-._.-'-._.-'-._.-'-._.-'-._.-'-._.-'
*      |  🔵 |     |     |     |     |     | 
*      '-._.-'-._.-'-._.-'-._.-'-._.-'-._.-'
*         |     |     |     |     |     | 
*         '-._.-'-._.-'-._.-'-._.-'-._.-'
*            |     |     |     |     |
*            '-._.-'-._.-'-._.-'-._.-'
* updating red player with red's action ('EXIT', (3, -2))...
*   time:  + 0.000s  (just elapsed)    0.223s  (game total)
* updating green player with red's action ('EXIT', (3, -2))...
*   time:  + 0.000s  (just elapsed)    0.196s  (game total)
* updating blue player with red's action ('EXIT', (3, -2))...
*   time:  + 0.000s  (just elapsed)    0.476s  (game total)
* == green player's turn ==
* asking ✅ green player for next action...
*   green player returned action: ('PASS', None)
*   time:  + 0.000s  (just elapsed)    0.196s  (game total)
* displaying game board:
*   scores: 🔴: 3, ✅: 3, 🔵: 1.
*   board:    .-'-._.-'-._.-'-._.-'-.
*            |     |     |  🔴 |  🔴 | 
*          .-'-._.-'-._.-'-._.-'-._.-'-.
*         |     |     |     |     |     | 
*       .-'-._.-'-._.-'-._.-'-._.-'-._.-'-.
*      |  🔵 |     |     |     |     |     | 
*    .-'-._.-'-._.-'-._.-'-._.-'-._.-'-._.-'-.
*   |  🔵 |     |     |     |     |     |     | 
*   '-._.-'-._.-'-._.-'-._.-'-._.-'-._.-'-._.-'
*      |  🔵 |     |     |     |     |     | 
*      '-._.-'-._.-'-._.-'-._.-'-._.-'-._.-'
*         |     |     |     |     |     | 
*         '-._.-'-._.-'-._.-'-._.-'-._.-'
*            |     |     |     |     |
*            '-._.-'-._.-'-._.-'-._.-'
* updating red player with green's action ('PASS', None)...
*   time:  + 0.000s  (just elapsed)    0.223s  (game total)
* updating green player with green's action ('PASS', None)...
*   time:  + 0.000s  (just elapsed)    0.196s  (game total)
* updating blue player with green's action ('PASS', None)...
*   time:  + 0.000s  (just elapsed)    0.476s  (game total)
* == blue player's turn ==
* asking 🔵 blue player for next action...
*   blue player returned action: ('EXIT', (-2, -1))
*   time:  + 0.003s  (just elapsed)    0.479s  (game total)
* displaying game board:
*   scores: 🔴: 3, ✅: 3, 🔵: 2.
*   board:    .-'-._.-'-._.-'-._.-'-.
*            |     |     |  🔴 |  🔴 | 
*          .-'-._.-'-._.-'-._.-'-._.-'-.
*         |     |     |     |     |     | 
*       .-'-._.-'-._.-'-._.-'-._.-'-._.-'-.
*      |     |     |     |     |     |     | 
*    .-'-._.-'-._.-'-._.-'-._.-'-._.-'-._.-'-.
*   |  🔵 |     |     |     |     |     |     | 
*   '-._.-'-._.-'-._.-'-._.-'-._.-'-._.-'-._.-'
*      |  🔵 |     |     |     |     |     | 
*      '-._.-'-._.-'-._.-'-._.-'-._.-'-._.-'
*         |     |     |     |     |     | 
*         '-._.-'-._.-'-._.-'-._.-'-._.-'
*            |     |     |     |     |
*            '-._.-'-._.-'-._.-'-._.-'
* updating red player with blue's action ('EXIT', (-2, -1))...
*   time:  + 0.000s  (just elapsed)    0.223s  (game total)
* updating green player with blue's action ('EXIT', (-2, -1))...
*   time:  + 0.000s  (just elapsed)    0.196s  (game total)
* updating blue player with blue's action ('EXIT', (-2, -1))...
*   time:  + 0.000s  (just elapsed)    0.479s  (game total)
* == red player's turn ==
* asking 🔴 red player for next action...
*   red player returned action: ('EXIT', (3, -3))
*   time:  + 0.001s  (just elapsed)    0.224s  (game total)
* displaying game board:
*   scores: 🔴: 4, ✅: 3, 🔵: 2.
*   board:    .-'-._.-'-._.-'-._.-'-.
*            |     |     |  🔴 |     | 
*          .-'-._.-'-._.-'-._.-'-._.-'-.
*         |     |     |     |     |     | 
*       .-'-._.-'-._.-'-._.-'-._.-'-._.-'-.
*      |     |     |     |     |     |     | 
*    .-'-._.-'-._.-'-._.-'-._.-'-._.-'-._.-'-.
*   |  🔵 |     |     |     |     |     |     | 
*   '-._.-'-._.-'-._.-'-._.-'-._.-'-._.-'-._.-'
*      |  🔵 |     |     |     |     |     | 
*      '-._.-'-._.-'-._.-'-._.-'-._.-'-._.-'
*         |     |     |     |     |     | 
*         '-._.-'-._.-'-._.-'-._.-'-._.-'
*            |     |     |     |     |
*            '-._.-'-._.-'-._.-'-._.-'
* updating red player with red's action ('EXIT', (3, -3))...
*   time:  + 0.000s  (just elapsed)    0.224s  (game total)
* updating green player with red's action ('EXIT', (3, -3))...
*   time:  + 0.000s  (just elapsed)    0.196s  (game total)
* updating blue player with red's action ('EXIT', (3, -3))...
*   time:  + 0.000s  (just elapsed)    0.479s  (game total)
* == game over! ==
* winner: Red
